Log file open, 02/14/20 21:05:24
LogWindows: Failed to load 'aqProf.dll' (GetLastError=126)
LogWindows: File 'aqProf.dll' does not exist
LogWindows: Failed to load 'VtuneApi.dll' (GetLastError=126)
LogWindows: File 'VtuneApi.dll' does not exist
LogWindows: Failed to load 'VtuneApi32e.dll' (GetLastError=126)
LogWindows: File 'VtuneApi32e.dll' does not exist
LogConsoleResponse: Display: Failed to find resolution value strings in scalability ini. Falling back to default.
LogInit: Display: Running engine for game: TempuraRun
LogPlatformFile: Not using cached read wrapper
LogTaskGraph: Started task graph with 5 named threads and 14 total threads with 3 sets of task threads.
LogStats: Stats thread started at 0.492703
LogD3D11RHI: Loaded GFSDK_Aftermath_Lib.x64.dll
LogICUInternationalization: ICU TimeZone Detection - Raw Offset: +9:00, Platform Override: ''
LogPluginManager: Mounting plugin Paper2D
LogPluginManager: Mounting plugin AISupport
LogPluginManager: Mounting plugin LightPropagationVolume
LogPluginManager: Mounting plugin ActorLayerUtilities
LogPluginManager: Mounting plugin AnimationSharing
LogPluginManager: Mounting plugin CLionSourceCodeAccess
LogPluginManager: Mounting plugin CodeLiteSourceCodeAccess
LogPluginManager: Mounting plugin GitSourceControl
LogPluginManager: Mounting plugin KDevelopSourceCodeAccess
LogPluginManager: Mounting plugin NullSourceCodeAccess
LogPluginManager: Mounting plugin PerforceSourceControl
LogPluginManager: Mounting plugin SubversionSourceControl
LogPluginManager: Mounting plugin UObjectPlugin
LogPluginManager: Mounting plugin VisualStudioCodeSourceCodeAccess
LogPluginManager: Mounting plugin VisualStudioSourceCodeAccess
LogPluginManager: Mounting plugin XCodeSourceCodeAccess
LogPluginManager: Mounting plugin AssetManagerEditor
LogPluginManager: Mounting plugin CryptoKeys
LogPluginManager: Mounting plugin CurveEditorTools
LogPluginManager: Mounting plugin DataValidation
LogPluginManager: Mounting plugin FacialAnimation
LogPluginManager: Mounting plugin GameplayTagsEditor
LogPluginManager: Mounting plugin MacGraphicsSwitching
LogPluginManager: Mounting plugin MaterialAnalyzer
LogPluginManager: Mounting plugin MobileLauncherProfileWizard
LogPluginManager: Mounting plugin PluginBrowser
LogPluginManager: Mounting plugin SpeedTreeImporter
LogPluginManager: Mounting plugin DatasmithContent
LogPluginManager: Mounting plugin VariantManagerContent
LogPluginManager: Mounting plugin AlembicImporter
LogPluginManager: Mounting plugin AutomationUtils
LogPluginManager: Mounting plugin BackChannel
LogPluginManager: Mounting plugin CharacterAI
LogPluginManager: Mounting plugin GeometryCache
LogPluginManager: Mounting plugin HTML5Networking
LogPluginManager: Mounting plugin PlatformCrypto
LogPluginManager: Mounting plugin ProxyLODPlugin
LogPluginManager: Mounting plugin SkeletalReduction
LogPluginManager: Mounting plugin MagicLeap
LogPluginManager: Mounting plugin MagicLeapMedia
LogPluginManager: Mounting plugin AndroidMedia
LogPluginManager: Mounting plugin AvfMedia
LogPluginManager: Mounting plugin ImgMedia
LogPluginManager: Mounting plugin MediaCompositing
LogPluginManager: Mounting plugin MediaPlayerEditor
LogPluginManager: Mounting plugin WebMMedia
LogPluginManager: Mounting plugin WmfMedia
LogPluginManager: Mounting plugin TcpMessaging
LogPluginManager: Mounting plugin UdpMessaging
LogPluginManager: Mounting plugin ActorSequence
LogPluginManager: Mounting plugin LevelSequenceEditor
LogPluginManager: Mounting plugin MatineeToLevelSequence
LogPluginManager: Mounting plugin NetcodeUnitTest
LogPluginManager: Mounting plugin NUTUnrealEngine4
LogPluginManager: Mounting plugin OnlineSubsystemGooglePlay
LogPluginManager: Mounting plugin OnlineSubsystemIOS
LogPluginManager: Mounting plugin OnlineSubsystem
LogPluginManager: Mounting plugin OnlineSubsystemNull
LogPluginManager: Mounting plugin OnlineSubsystemUtils
LogPluginManager: Mounting plugin LauncherChunkInstaller
LogPluginManager: Mounting plugin AndroidDeviceProfileSelector
LogPluginManager: Mounting plugin AndroidMoviePlayer
LogPluginManager: Mounting plugin AndroidPermission
LogPluginManager: Mounting plugin AppleImageUtils
LogPluginManager: Mounting plugin AppleMoviePlayer
LogPluginManager: Mounting plugin ArchVisCharacter
LogPluginManager: Mounting plugin AudioCapture
LogPluginManager: Mounting plugin CableComponent
LogPluginManager: Mounting plugin CustomMeshComponent
LogPluginManager: Mounting plugin EditableMesh
LogPluginManager: Mounting plugin ExampleDeviceProfileSelector
LogPluginManager: Mounting plugin GoogleCloudMessaging
LogPluginManager: Mounting plugin IOSDeviceProfileSelector
LogPluginManager: Mounting plugin LinuxDeviceProfileSelector
LogPluginManager: Mounting plugin LocationServicesBPLibrary
LogPluginManager: Mounting plugin MobilePatchingUtils
LogPluginManager: Mounting plugin OculusVR
LogPluginManager: Mounting plugin PhysXVehicles
LogPluginManager: Mounting plugin ProceduralMeshComponent
LogPluginManager: Mounting plugin RuntimePhysXCooking
LogPluginManager: Mounting plugin SignificanceManager
LogPluginManager: Mounting plugin SteamVR
LogPluginManager: Mounting plugin WebMMoviePlayer
LogPluginManager: Mounting plugin WindowsMoviePlayer
LogPluginManager: Mounting plugin ScreenshotTools
LogInit: Using libcurl 7.55.1-DEV
LogInit:  - built for x86_64-pc-win32
LogInit:  - supports SSL with OpenSSL/1.1.1
LogInit:  - supports HTTP deflate (compression) using libz 1.2.8
LogInit:  - other features:
LogInit:      CURL_VERSION_SSL
LogInit:      CURL_VERSION_LIBZ
LogInit:      CURL_VERSION_IPV6
LogInit:      CURL_VERSION_ASYNCHDNS
LogInit:      CURL_VERSION_LARGEFILE
LogInit:      CURL_VERSION_IDN
LogInit:  CurlRequestOptions (configurable via config and command line):
LogInit:  - bVerifyPeer = true  - Libcurl will verify peer certificate
LogInit:  - bUseHttpProxy = false  - Libcurl will NOT use HTTP proxy
LogInit:  - bDontReuseConnections = false  - Libcurl will reuse connections
LogInit:  - MaxHostConnections = 16  - Libcurl will limit the number of connections to a host
LogInit:  - LocalHostAddr = Default
LogInit:  - BufferSize = 65536
LogOnline: OSS: Creating online subsystem instance for: NULL
LogInit: WinSock: version 1.1 (2.2), MaxSocks=32767, MaxUdp=65467
LogInit: Build: ++UE4+Release-4.23-CL-9631420
LogInit: Engine Version: 4.23.1-9631420+++UE4+Release-4.23
LogInit: Compatible Engine Version: 4.23.0-8386587+++UE4+Release-4.23
LogInit: Net CL: 8386587
LogInit: OS: Windows 8.1 (), CPU: Intel(R) Core(TM) i5-4590 CPU @ 3.30GHz, GPU: NVLDDMKM
LogInit: Compiled (64-bit): Oct 18 2019 02:07:44
LogInit: Compiled with Visual C++: 19.16.27030.01
LogInit: Build Configuration: Development
LogInit: Branch Name: ++UE4+Release-4.23
LogInit: Command Line: 
LogInit: Base Directory: E:/UE_4.23/Engine/Binaries/Win64/
LogInit: Installed Engine Build: 1
LogDevObjectVersion: Number of dev versions registered: 23
LogDevObjectVersion:   Dev-Blueprints (B0D832E4-1F89-4F0D-ACCF-7EB736FD4AA2): 10
LogDevObjectVersion:   Dev-Build (E1C64328-A22C-4D53-A36C-8E866417BD8C): 0
LogDevObjectVersion:   Dev-Core (375EC13C-06E4-48FB-B500-84F0262A717E): 3
LogDevObjectVersion:   Dev-Editor (E4B068ED-F494-42E9-A231-DA0B2E46BB41): 34
LogDevObjectVersion:   Dev-Framework (CFFC743F-43B0-4480-9391-14DF171D2073): 35
LogDevObjectVersion:   Dev-Mobile (B02B49B5-BB20-44E9-A304-32B752E40360): 2
LogDevObjectVersion:   Dev-Networking (A4E4105C-59A1-49B5-A7C5-40C4547EDFEE): 0
LogDevObjectVersion:   Dev-Online (39C831C9-5AE6-47DC-9A44-9C173E1C8E7C): 0
LogDevObjectVersion:   Dev-Physics (78F01B33-EBEA-4F98-B9B4-84EACCB95AA2): 0
LogDevObjectVersion:   Dev-Platform (6631380F-2D4D-43E0-8009-CF276956A95A): 0
LogDevObjectVersion:   Dev-Rendering (12F88B9F-8875-4AFC-A67C-D90C383ABD29): 31
LogDevObjectVersion:   Dev-Sequencer (7B5AE74C-D270-4C10-A958-57980B212A5A): 11
LogDevObjectVersion:   Dev-VR (D7296918-1DD6-4BDD-9DE2-64A83CC13884): 2
LogDevObjectVersion:   Dev-LoadTimes (C2A15278-BFE7-4AFE-6C17-90FF531DF755): 1
LogDevObjectVersion:   Private-Geometry (6EACA3D4-40EC-4CC1-B786-8BED09428FC5): 3
LogDevObjectVersion:   Dev-AnimPhys (29E575DD-E0A3-4627-9D10-D276232CDCEA): 17
LogDevObjectVersion:   Dev-Anim (AF43A65D-7FD3-4947-9873-3E8ED9C1BB05): 2
LogDevObjectVersion:   Dev-ReflectionCapture (6B266CEC-1EC7-4B8F-A30B-E4D90942FC07): 1
LogDevObjectVersion:   Dev-Automation (0DF73D61-A23F-47EA-B727-89E90C41499A): 1
LogDevObjectVersion:   FortniteMain (601D1886-AC64-4F84-AA16-D3DE0DEAC7D6): 27
LogDevObjectVersion:   Dev-Enterprise (9DFFBCD6-494F-0158-E221-12823C92A888): 6
LogDevObjectVersion:   Dev-Niagara (F2AED0AC-9AFE-416F-8664-AA7FFA26D6FC): 1
LogDevObjectVersion:   Dev-Destruction (174F1F0B-B4C6-45A5-B13F-2EE8D0FB917D): 9
LogInit: Presizing for max 16777216 objects, including 0 objects not considered by GC, pre-allocating 0 bytes for permanent pool.
LogInit: Object subsystem initialized
LogConfig: Setting CVar [[con.DebugEarlyDefault:1]]
LogConfig: Setting CVar [[r.setres:1280x720]]
[2020.02.14-12.05.28:003][  0]LogConfig: Setting CVar [[r.VSync:0]]
[2020.02.14-12.05.28:003][  0]LogConfig: Setting CVar [[r.RHICmdBypass:0]]
[2020.02.14-12.05.28:003][  0]LogConfig: Applying CVar settings from Section [/Script/Engine.RendererSettings] File [E:/UE projects/FusionDesignProject/TempuraRun/Saved/Config/Windows/Engine.ini]
[2020.02.14-12.05.28:003][  0]LogConfig: Setting CVar [[r.GPUCrashDebugging:0]]
[2020.02.14-12.05.28:003][  0]LogConfig: Applying CVar settings from Section [/Script/Engine.RendererOverrideSettings] File [E:/UE projects/FusionDesignProject/TempuraRun/Saved/Config/Windows/Engine.ini]
[2020.02.14-12.05.28:003][  0]LogConfig: Applying CVar settings from Section [/Script/Engine.StreamingSettings] File [E:/UE projects/FusionDesignProject/TempuraRun/Saved/Config/Windows/Engine.ini]
[2020.02.14-12.05.28:003][  0]LogConfig: Setting CVar [[s.MinBulkDataSizeForAsyncLoading:131072]]
[2020.02.14-12.05.28:003][  0]LogConfig: Setting CVar [[s.AsyncLoadingThreadEnabled:0]]
[2020.02.14-12.05.28:003][  0]LogConfig: Setting CVar [[s.EventDrivenLoaderEnabled:1]]
[2020.02.14-12.05.28:003][  0]LogConfig: Setting CVar [[s.WarnIfTimeLimitExceeded:0]]
[2020.02.14-12.05.28:003][  0]LogConfig: Setting CVar [[s.TimeLimitExceededMultiplier:1.5]]
[2020.02.14-12.05.28:003][  0]LogConfig: Setting CVar [[s.TimeLimitExceededMinTime:0.005]]
[2020.02.14-12.05.28:003][  0]LogConfig: Setting CVar [[s.UseBackgroundLevelStreaming:1]]
[2020.02.14-12.05.28:003][  0]LogConfig: Setting CVar [[s.PriorityAsyncLoadingExtraTime:15.0]]
[2020.02.14-12.05.28:003][  0]LogConfig: Setting CVar [[s.LevelStreamingActorsUpdateTimeLimit:5.0]]
[2020.02.14-12.05.28:003][  0]LogConfig: Setting CVar [[s.PriorityLevelStreamingActorsUpdateExtraTime:5.0]]
[2020.02.14-12.05.28:003][  0]LogConfig: Setting CVar [[s.LevelStreamingComponentsRegistrationGranularity:10]]
[2020.02.14-12.05.28:003][  0]LogConfig: Setting CVar [[s.UnregisterComponentsTimeLimit:1.0]]
[2020.02.14-12.05.28:004][  0]LogConfig: Setting CVar [[s.LevelStreamingComponentsUnregistrationGranularity:5]]
[2020.02.14-12.05.28:004][  0]LogConfig: Applying CVar settings from Section [/Script/Engine.GarbageCollectionSettings] File [E:/UE projects/FusionDesignProject/TempuraRun/Saved/Config/Windows/Engine.ini]
[2020.02.14-12.05.28:004][  0]LogConfig: Setting CVar [[gc.MaxObjectsNotConsideredByGC:1]]
[2020.02.14-12.05.28:004][  0]LogConfig: Setting CVar [[gc.SizeOfPermanentObjectPool:0]]
[2020.02.14-12.05.28:004][  0]LogConfig: Setting CVar [[gc.FlushStreamingOnGC:0]]
[2020.02.14-12.05.28:004][  0]LogConfig: Setting CVar [[gc.NumRetriesBeforeForcingGC:10]]
[2020.02.14-12.05.28:004][  0]LogConfig: Setting CVar [[gc.AllowParallelGC:1]]
[2020.02.14-12.05.28:004][  0]LogConfig: Setting CVar [[gc.TimeBetweenPurgingPendingKillObjects:61.1]]
[2020.02.14-12.05.28:004][  0]LogConfig: Setting CVar [[gc.MaxObjectsInEditor:16777216]]
[2020.02.14-12.05.28:004][  0]LogConfig: Setting CVar [[gc.IncrementalBeginDestroyEnabled:1]]
[2020.02.14-12.05.28:004][  0]LogConfig: Setting CVar [[gc.CreateGCClusters:1]]
[2020.02.14-12.05.28:004][  0]LogConfig: Setting CVar [[gc.MinGCClusterSize:5]]
[2020.02.14-12.05.28:004][  0]LogConfig: Setting CVar [[gc.ActorClusteringEnabled:0]]
[2020.02.14-12.05.28:004][  0]LogConfig: Setting CVar [[gc.BlueprintClusteringEnabled:0]]
[2020.02.14-12.05.28:004][  0]LogConfig: Setting CVar [[gc.UseDisregardForGCOnDedicatedServers:0]]
[2020.02.14-12.05.28:004][  0]LogConfig: Applying CVar settings from Section [/Script/Engine.NetworkSettings] File [E:/UE projects/FusionDesignProject/TempuraRun/Saved/Config/Windows/Engine.ini]
[2020.02.14-12.05.28:004][  0]LogConfig: Applying CVar settings from Section [/Script/UnrealEd.CookerSettings] File [E:/UE projects/FusionDesignProject/TempuraRun/Saved/Config/Windows/Engine.ini]
[2020.02.14-12.05.28:006][  0]LogConfig: Applying CVar settings from Section [ViewDistanceQuality@3] File [E:/UE projects/FusionDesignProject/TempuraRun/Saved/Config/Windows/Scalability.ini]
[2020.02.14-12.05.28:006][  0]LogConfig: Setting CVar [[r.SkeletalMeshLODBias:0]]
[2020.02.14-12.05.28:006][  0]LogConfig: Setting CVar [[r.ViewDistanceScale:1.0]]
[2020.02.14-12.05.28:006][  0]LogConfig: Applying CVar settings from Section [AntiAliasingQuality@3] File [E:/UE projects/FusionDesignProject/TempuraRun/Saved/Config/Windows/Scalability.ini]
[2020.02.14-12.05.28:006][  0]LogConfig: Setting CVar [[r.PostProcessAAQuality:4]]
[2020.02.14-12.05.28:006][  0]LogConfig: Applying CVar settings from Section [ShadowQuality@3] File [E:/UE projects/FusionDesignProject/TempuraRun/Saved/Config/Windows/Scalability.ini]
[2020.02.14-12.05.28:006][  0]LogConfig: Setting CVar [[r.LightFunctionQuality:1]]
[2020.02.14-12.05.28:006][  0]LogConfig: Setting CVar [[r.ShadowQuality:5]]
[2020.02.14-12.05.28:006][  0]LogConfig: Setting CVar [[r.Shadow.CSM.MaxCascades:10]]
[2020.02.14-12.05.28:006][  0]LogConfig: Setting CVar [[r.Shadow.MaxResolution:2048]]
[2020.02.14-12.05.28:006][  0]LogConfig: Setting CVar [[r.Shadow.MaxCSMResolution:2048]]
[2020.02.14-12.05.28:006][  0]LogConfig: Setting CVar [[r.Shadow.RadiusThreshold:0.01]]
[2020.02.14-12.05.28:006][  0]LogConfig: Setting CVar [[r.Shadow.DistanceScale:1.0]]
[2020.02.14-12.05.28:006][  0]LogConfig: Setting CVar [[r.Shadow.CSM.TransitionScale:1.0]]
[2020.02.14-12.05.28:006][  0]LogConfig: Setting CVar [[r.Shadow.PreShadowResolutionFactor:1.0]]
[2020.02.14-12.05.28:006][  0]LogConfig: Setting CVar [[r.DistanceFieldShadowing:1]]
[2020.02.14-12.05.28:006][  0]LogConfig: Setting CVar [[r.DistanceFieldAO:1]]
[2020.02.14-12.05.28:006][  0]LogConfig: Setting CVar [[r.AOQuality:2]]
[2020.02.14-12.05.28:006][  0]LogConfig: Setting CVar [[r.VolumetricFog:1]]
[2020.02.14-12.05.28:006][  0]LogConfig: Setting CVar [[r.VolumetricFog.GridPixelSize:8]]
[2020.02.14-12.05.28:006][  0]LogConfig: Setting CVar [[r.VolumetricFog.GridSizeZ:128]]
[2020.02.14-12.05.28:006][  0]LogConfig: Setting CVar [[r.VolumetricFog.HistoryMissSupersampleCount:4]]
[2020.02.14-12.05.28:006][  0]LogConfig: Setting CVar [[r.LightMaxDrawDistanceScale:1]]
[2020.02.14-12.05.28:006][  0]LogConfig: Setting CVar [[r.CapsuleShadows:1]]
[2020.02.14-12.05.28:006][  0]LogConfig: Applying CVar settings from Section [PostProcessQuality@3] File [E:/UE projects/FusionDesignProject/TempuraRun/Saved/Config/Windows/Scalability.ini]
[2020.02.14-12.05.28:006][  0]LogConfig: Setting CVar [[r.MotionBlurQuality:4]]
[2020.02.14-12.05.28:006][  0]LogConfig: Setting CVar [[r.AmbientOcclusionMipLevelFactor:0.4]]
[2020.02.14-12.05.28:006][  0]LogConfig: Setting CVar [[r.AmbientOcclusionMaxQuality:100]]
[2020.02.14-12.05.28:006][  0]LogConfig: Setting CVar [[r.AmbientOcclusionLevels:-1]]
[2020.02.14-12.05.28:006][  0]LogConfig: Setting CVar [[r.AmbientOcclusionRadiusScale:1.0]]
[2020.02.14-12.05.28:006][  0]LogConfig: Setting CVar [[r.DepthOfFieldQuality:2]]
[2020.02.14-12.05.28:006][  0]LogConfig: Setting CVar [[r.RenderTargetPoolMin:400]]
[2020.02.14-12.05.28:006][  0]LogConfig: Setting CVar [[r.LensFlareQuality:2]]
[2020.02.14-12.05.28:006][  0]LogConfig: Setting CVar [[r.SceneColorFringeQuality:1]]
[2020.02.14-12.05.28:006][  0]LogConfig: Setting CVar [[r.EyeAdaptationQuality:2]]
[2020.02.14-12.05.28:006][  0]LogConfig: Setting CVar [[r.BloomQuality:5]]
[2020.02.14-12.05.28:006][  0]LogConfig: Setting CVar [[r.FastBlurThreshold:100]]
[2020.02.14-12.05.28:006][  0]LogConfig: Setting CVar [[r.Upscale.Quality:3]]
[2020.02.14-12.05.28:006][  0]LogConfig: Setting CVar [[r.Tonemapper.GrainQuantization:1]]
[2020.02.14-12.05.28:006][  0]LogConfig: Setting CVar [[r.LightShaftQuality:1]]
[2020.02.14-12.05.28:006][  0]LogConfig: Setting CVar [[r.Filter.SizeScale:1]]
[2020.02.14-12.05.28:006][  0]LogConfig: Setting CVar [[r.Tonemapper.Quality:5]]
[2020.02.14-12.05.28:006][  0]LogConfig: Setting CVar [[r.DOF.Gather.AccumulatorQuality:1        ; higher gathering accumulator quality]]
[2020.02.14-12.05.28:006][  0]LogConfig: Setting CVar [[r.DOF.Gather.PostfilterMethod:1          ; Median3x3 postfilering method]]
[2020.02.14-12.05.28:006][  0]LogConfig: Setting CVar [[r.DOF.Gather.EnableBokehSettings:0       ; no bokeh simulation when gathering]]
[2020.02.14-12.05.28:006][  0]LogConfig: Setting CVar [[r.DOF.Gather.RingCount:4                 ; medium number of samples when gathering]]
[2020.02.14-12.05.28:006][  0]LogConfig: Setting CVar [[r.DOF.Scatter.ForegroundCompositing:1    ; additive foreground scattering]]
[2020.02.14-12.05.28:006][  0]LogConfig: Setting CVar [[r.DOF.Scatter.BackgroundCompositing:2    ; additive background scattering]]
[2020.02.14-12.05.28:006][  0]LogConfig: Setting CVar [[r.DOF.Scatter.EnableBokehSettings:1      ; bokeh simulation when scattering]]
[2020.02.14-12.05.28:007][  0]LogConfig: Setting CVar [[r.DOF.Scatter.MaxSpriteRatio:0.1         ; only a maximum of 10% of scattered bokeh]]
[2020.02.14-12.05.28:007][  0]LogConfig: Setting CVar [[r.DOF.Recombine.Quality:1                ; cheap slight out of focus]]
[2020.02.14-12.05.28:007][  0]LogConfig: Setting CVar [[r.DOF.Recombine.EnableBokehSettings:0    ; no bokeh simulation on slight out of focus]]
[2020.02.14-12.05.28:007][  0]LogConfig: Setting CVar [[r.DOF.TemporalAAQuality:1                ; more stable temporal accumulation]]
[2020.02.14-12.05.28:007][  0]LogConfig: Setting CVar [[r.DOF.Kernel.MaxForegroundRadius:0.025]]
[2020.02.14-12.05.28:007][  0]LogConfig: Setting CVar [[r.DOF.Kernel.MaxBackgroundRadius:0.025]]
[2020.02.14-12.05.28:007][  0]LogConfig: Applying CVar settings from Section [TextureQuality@3] File [E:/UE projects/FusionDesignProject/TempuraRun/Saved/Config/Windows/Scalability.ini]
[2020.02.14-12.05.28:007][  0]LogConfig: Setting CVar [[r.Streaming.MipBias:0]]
[2020.02.14-12.05.28:007][  0]LogConfig: Setting CVar [[r.Streaming.AmortizeCPUToGPUCopy:0]]
[2020.02.14-12.05.28:007][  0]LogConfig: Setting CVar [[r.Streaming.MaxNumTexturesToStreamPerFrame:0]]
[2020.02.14-12.05.28:007][  0]LogConfig: Setting CVar [[r.Streaming.Boost:1]]
[2020.02.14-12.05.28:007][  0]LogConfig: Setting CVar [[r.MaxAnisotropy:8]]
[2020.02.14-12.05.28:007][  0]LogConfig: Setting CVar [[r.Streaming.LimitPoolSizeToVRAM:0]]
[2020.02.14-12.05.28:007][  0]LogConfig: Setting CVar [[r.Streaming.PoolSize:1000]]
[2020.02.14-12.05.28:007][  0]LogConfig: Setting CVar [[r.Streaming.MaxEffectiveScreenSize:0]]
[2020.02.14-12.05.28:007][  0]LogConfig: Applying CVar settings from Section [EffectsQuality@3] File [E:/UE projects/FusionDesignProject/TempuraRun/Saved/Config/Windows/Scalability.ini]
[2020.02.14-12.05.28:007][  0]LogConfig: Setting CVar [[r.TranslucencyLightingVolumeDim:64]]
[2020.02.14-12.05.28:007][  0]LogConfig: Setting CVar [[r.RefractionQuality:2]]
[2020.02.14-12.05.28:007][  0]LogConfig: Setting CVar [[r.SSR.Quality:3]]
[2020.02.14-12.05.28:007][  0]LogConfig: Setting CVar [[r.SceneColorFormat:4]]
[2020.02.14-12.05.28:007][  0]LogConfig: Setting CVar [[r.DetailMode:2]]
[2020.02.14-12.05.28:007][  0]LogConfig: Setting CVar [[r.TranslucencyVolumeBlur:1]]
[2020.02.14-12.05.28:007][  0]LogConfig: Setting CVar [[r.MaterialQualityLevel:1 ; High quality]]
[2020.02.14-12.05.28:007][  0]LogConfig: Setting CVar [[r.SSS.Scale:1]]
[2020.02.14-12.05.28:007][  0]LogConfig: Setting CVar [[r.SSS.SampleSet:2]]
[2020.02.14-12.05.28:007][  0]LogConfig: Setting CVar [[r.SSS.Quality:1]]
[2020.02.14-12.05.28:007][  0]LogConfig: Setting CVar [[r.SSS.HalfRes:1]]
[2020.02.14-12.05.28:007][  0]LogConfig: Setting CVar [[r.EmitterSpawnRateScale:1.0]]
[2020.02.14-12.05.28:007][  0]LogConfig: Setting CVar [[r.ParticleLightQuality:2]]
[2020.02.14-12.05.28:007][  0]LogConfig: Applying CVar settings from Section [FoliageQuality@3] File [E:/UE projects/FusionDesignProject/TempuraRun/Saved/Config/Windows/Scalability.ini]
[2020.02.14-12.05.28:007][  0]LogConfig: Setting CVar [[foliage.DensityScale:1.0]]
[2020.02.14-12.05.28:007][  0]LogConfig: Setting CVar [[grass.DensityScale:1.0]]
[2020.02.14-12.05.28:007][  0]LogInit: Selected Device Profile: [Windows]
[2020.02.14-12.05.28:007][  0]LogInit: Applying CVar settings loaded from the selected device profile: [Windows]
[2020.02.14-12.05.28:037][  0]LogHAL: Display: Platform has ~ 8 GB [8539099136 / 8589934592 / 8], which maps to Default [LargestMinGB=32, LargerMinGB=12, DefaultMinGB=8, SmallerMinGB=6, SmallestMinGB=0)
[2020.02.14-12.05.28:037][  0]LogInit: Going up to parent DeviceProfile []
[2020.02.14-12.05.28:037][  0]LogConfig: Applying CVar settings from Section [ViewDistanceQuality@3] File [E:/UE projects/FusionDesignProject/TempuraRun/Saved/Config/Windows/Scalability.ini]
[2020.02.14-12.05.28:037][  0]LogConfig: Setting CVar [[r.SkeletalMeshLODBias:0]]
[2020.02.14-12.05.28:037][  0]LogConfig: Setting CVar [[r.ViewDistanceScale:1.0]]
[2020.02.14-12.05.28:037][  0]LogConfig: Applying CVar settings from Section [AntiAliasingQuality@3] File [E:/UE projects/FusionDesignProject/TempuraRun/Saved/Config/Windows/Scalability.ini]
[2020.02.14-12.05.28:037][  0]LogConfig: Setting CVar [[r.PostProcessAAQuality:4]]
[2020.02.14-12.05.28:037][  0]LogConfig: Applying CVar settings from Section [ShadowQuality@3] File [E:/UE projects/FusionDesignProject/TempuraRun/Saved/Config/Windows/Scalability.ini]
[2020.02.14-12.05.28:037][  0]LogConfig: Setting CVar [[r.LightFunctionQuality:1]]
[2020.02.14-12.05.28:037][  0]LogConfig: Setting CVar [[r.ShadowQuality:5]]
[2020.02.14-12.05.28:037][  0]LogConfig: Setting CVar [[r.Shadow.CSM.MaxCascades:10]]
[2020.02.14-12.05.28:037][  0]LogConfig: Setting CVar [[r.Shadow.MaxResolution:2048]]
[2020.02.14-12.05.28:037][  0]LogConfig: Setting CVar [[r.Shadow.MaxCSMResolution:2048]]
[2020.02.14-12.05.28:037][  0]LogConfig: Setting CVar [[r.Shadow.RadiusThreshold:0.01]]
[2020.02.14-12.05.28:037][  0]LogConfig: Setting CVar [[r.Shadow.DistanceScale:1.0]]
[2020.02.14-12.05.28:037][  0]LogConfig: Setting CVar [[r.Shadow.CSM.TransitionScale:1.0]]
[2020.02.14-12.05.28:037][  0]LogConfig: Setting CVar [[r.Shadow.PreShadowResolutionFactor:1.0]]
[2020.02.14-12.05.28:037][  0]LogConfig: Setting CVar [[r.DistanceFieldShadowing:1]]
[2020.02.14-12.05.28:037][  0]LogConfig: Setting CVar [[r.DistanceFieldAO:1]]
[2020.02.14-12.05.28:037][  0]LogConfig: Setting CVar [[r.AOQuality:2]]
[2020.02.14-12.05.28:037][  0]LogConfig: Setting CVar [[r.VolumetricFog:1]]
[2020.02.14-12.05.28:037][  0]LogConfig: Setting CVar [[r.VolumetricFog.GridPixelSize:8]]
[2020.02.14-12.05.28:037][  0]LogConfig: Setting CVar [[r.VolumetricFog.GridSizeZ:128]]
[2020.02.14-12.05.28:037][  0]LogConfig: Setting CVar [[r.VolumetricFog.HistoryMissSupersampleCount:4]]
[2020.02.14-12.05.28:038][  0]LogConfig: Setting CVar [[r.LightMaxDrawDistanceScale:1]]
[2020.02.14-12.05.28:038][  0]LogConfig: Setting CVar [[r.CapsuleShadows:1]]
[2020.02.14-12.05.28:038][  0]LogConfig: Applying CVar settings from Section [PostProcessQuality@3] File [E:/UE projects/FusionDesignProject/TempuraRun/Saved/Config/Windows/Scalability.ini]
[2020.02.14-12.05.28:038][  0]LogConfig: Setting CVar [[r.MotionBlurQuality:4]]
[2020.02.14-12.05.28:038][  0]LogConfig: Setting CVar [[r.AmbientOcclusionMipLevelFactor:0.4]]
[2020.02.14-12.05.28:038][  0]LogConfig: Setting CVar [[r.AmbientOcclusionMaxQuality:100]]
[2020.02.14-12.05.28:038][  0]LogConfig: Setting CVar [[r.AmbientOcclusionLevels:-1]]
[2020.02.14-12.05.28:038][  0]LogConfig: Setting CVar [[r.AmbientOcclusionRadiusScale:1.0]]
[2020.02.14-12.05.28:038][  0]LogConfig: Setting CVar [[r.DepthOfFieldQuality:2]]
[2020.02.14-12.05.28:038][  0]LogConfig: Setting CVar [[r.RenderTargetPoolMin:400]]
[2020.02.14-12.05.28:038][  0]LogConfig: Setting CVar [[r.LensFlareQuality:2]]
[2020.02.14-12.05.28:038][  0]LogConfig: Setting CVar [[r.SceneColorFringeQuality:1]]
[2020.02.14-12.05.28:038][  0]LogConfig: Setting CVar [[r.EyeAdaptationQuality:2]]
[2020.02.14-12.05.28:038][  0]LogConfig: Setting CVar [[r.BloomQuality:5]]
[2020.02.14-12.05.28:038][  0]LogConfig: Setting CVar [[r.FastBlurThreshold:100]]
[2020.02.14-12.05.28:038][  0]LogConfig: Setting CVar [[r.Upscale.Quality:3]]
[2020.02.14-12.05.28:038][  0]LogConfig: Setting CVar [[r.Tonemapper.GrainQuantization:1]]
[2020.02.14-12.05.28:038][  0]LogConfig: Setting CVar [[r.LightShaftQuality:1]]
[2020.02.14-12.05.28:038][  0]LogConfig: Setting CVar [[r.Filter.SizeScale:1]]
[2020.02.14-12.05.28:038][  0]LogConfig: Setting CVar [[r.Tonemapper.Quality:5]]
[2020.02.14-12.05.28:038][  0]LogConfig: Setting CVar [[r.DOF.Gather.AccumulatorQuality:1        ; higher gathering accumulator quality]]
[2020.02.14-12.05.28:038][  0]LogConfig: Setting CVar [[r.DOF.Gather.PostfilterMethod:1          ; Median3x3 postfilering method]]
[2020.02.14-12.05.28:038][  0]LogConfig: Setting CVar [[r.DOF.Gather.EnableBokehSettings:0       ; no bokeh simulation when gathering]]
[2020.02.14-12.05.28:038][  0]LogConfig: Setting CVar [[r.DOF.Gather.RingCount:4                 ; medium number of samples when gathering]]
[2020.02.14-12.05.28:038][  0]LogConfig: Setting CVar [[r.DOF.Scatter.ForegroundCompositing:1    ; additive foreground scattering]]
[2020.02.14-12.05.28:038][  0]LogConfig: Setting CVar [[r.DOF.Scatter.BackgroundCompositing:2    ; additive background scattering]]
[2020.02.14-12.05.28:038][  0]LogConfig: Setting CVar [[r.DOF.Scatter.EnableBokehSettings:1      ; bokeh simulation when scattering]]
[2020.02.14-12.05.28:038][  0]LogConfig: Setting CVar [[r.DOF.Scatter.MaxSpriteRatio:0.1         ; only a maximum of 10% of scattered bokeh]]
[2020.02.14-12.05.28:038][  0]LogConfig: Setting CVar [[r.DOF.Recombine.Quality:1                ; cheap slight out of focus]]
[2020.02.14-12.05.28:038][  0]LogConfig: Setting CVar [[r.DOF.Recombine.EnableBokehSettings:0    ; no bokeh simulation on slight out of focus]]
[2020.02.14-12.05.28:038][  0]LogConfig: Setting CVar [[r.DOF.TemporalAAQuality:1                ; more stable temporal accumulation]]
[2020.02.14-12.05.28:038][  0]LogConfig: Setting CVar [[r.DOF.Kernel.MaxForegroundRadius:0.025]]
[2020.02.14-12.05.28:038][  0]LogConfig: Setting CVar [[r.DOF.Kernel.MaxBackgroundRadius:0.025]]
[2020.02.14-12.05.28:038][  0]LogConfig: Applying CVar settings from Section [TextureQuality@3] File [E:/UE projects/FusionDesignProject/TempuraRun/Saved/Config/Windows/Scalability.ini]
[2020.02.14-12.05.28:038][  0]LogConfig: Setting CVar [[r.Streaming.MipBias:0]]
[2020.02.14-12.05.28:038][  0]LogConfig: Setting CVar [[r.Streaming.AmortizeCPUToGPUCopy:0]]
[2020.02.14-12.05.28:039][  0]LogConfig: Setting CVar [[r.Streaming.MaxNumTexturesToStreamPerFrame:0]]
[2020.02.14-12.05.28:039][  0]LogConfig: Setting CVar [[r.Streaming.Boost:1]]
[2020.02.14-12.05.28:039][  0]LogConfig: Setting CVar [[r.MaxAnisotropy:8]]
[2020.02.14-12.05.28:039][  0]LogConfig: Setting CVar [[r.Streaming.LimitPoolSizeToVRAM:0]]
[2020.02.14-12.05.28:039][  0]LogConfig: Setting CVar [[r.Streaming.PoolSize:1000]]
[2020.02.14-12.05.28:039][  0]LogConfig: Setting CVar [[r.Streaming.MaxEffectiveScreenSize:0]]
[2020.02.14-12.05.28:039][  0]LogConfig: Applying CVar settings from Section [EffectsQuality@3] File [E:/UE projects/FusionDesignProject/TempuraRun/Saved/Config/Windows/Scalability.ini]
[2020.02.14-12.05.28:039][  0]LogConfig: Setting CVar [[r.TranslucencyLightingVolumeDim:64]]
[2020.02.14-12.05.28:039][  0]LogConfig: Setting CVar [[r.RefractionQuality:2]]
[2020.02.14-12.05.28:039][  0]LogConfig: Setting CVar [[r.SSR.Quality:3]]
[2020.02.14-12.05.28:039][  0]LogConfig: Setting CVar [[r.SceneColorFormat:4]]
[2020.02.14-12.05.28:039][  0]LogConfig: Setting CVar [[r.DetailMode:2]]
[2020.02.14-12.05.28:039][  0]LogConfig: Setting CVar [[r.TranslucencyVolumeBlur:1]]
[2020.02.14-12.05.28:039][  0]LogConfig: Setting CVar [[r.MaterialQualityLevel:1 ; High quality]]
[2020.02.14-12.05.28:039][  0]LogConfig: Setting CVar [[r.SSS.Scale:1]]
[2020.02.14-12.05.28:039][  0]LogConfig: Setting CVar [[r.SSS.SampleSet:2]]
[2020.02.14-12.05.28:039][  0]LogConfig: Setting CVar [[r.SSS.Quality:1]]
[2020.02.14-12.05.28:039][  0]LogConfig: Setting CVar [[r.SSS.HalfRes:1]]
[2020.02.14-12.05.28:039][  0]LogConfig: Setting CVar [[r.EmitterSpawnRateScale:1.0]]
[2020.02.14-12.05.28:039][  0]LogConfig: Setting CVar [[r.ParticleLightQuality:2]]
[2020.02.14-12.05.28:039][  0]LogConfig: Applying CVar settings from Section [FoliageQuality@3] File [E:/UE projects/FusionDesignProject/TempuraRun/Saved/Config/Windows/Scalability.ini]
[2020.02.14-12.05.28:039][  0]LogConfig: Setting CVar [[foliage.DensityScale:1.0]]
[2020.02.14-12.05.28:039][  0]LogConfig: Setting CVar [[grass.DensityScale:1.0]]
[2020.02.14-12.05.28:039][  0]LogConfig: Applying CVar settings from Section [Startup] File [../../../Engine/Config/ConsoleVariables.ini]
[2020.02.14-12.05.28:134][  0]LogConfig: Setting CVar [[net.UseAdaptiveNetUpdateFrequency:0]]
[2020.02.14-12.05.28:135][  0]LogConfig: Setting CVar [[p.chaos.AllowCreatePhysxBodies:1]]
[2020.02.14-12.05.28:135][  0]LogConfig: Applying CVar settings from Section [ConsoleVariables] File [E:/UE projects/FusionDesignProject/TempuraRun/Saved/Config/Windows/Engine.ini]
[2020.02.14-12.05.28:135][  0]LogInit: Computer: HOME-PC
[2020.02.14-12.05.28:135][  0]LogInit: User: KEN
[2020.02.14-12.05.28:135][  0]LogInit: CPU Page size=4096, Cores=4
[2020.02.14-12.05.28:135][  0]LogInit: High frequency timer resolution =3.222667 MHz
[2020.02.14-12.05.28:136][  0]LogMemory: Memory total: Physical=8.0GB (8GB approx)
[2020.02.14-12.05.28:136][  0]LogMemory: Platform Memory Stats for Windows
[2020.02.14-12.05.28:136][  0]LogMemory: Process Physical Memory: 97.73 MB used, 97.73 MB peak
[2020.02.14-12.05.28:136][  0]LogMemory: Process Virtual Memory: 99.77 MB used, 99.77 MB peak
[2020.02.14-12.05.28:136][  0]LogMemory: Physical Memory: 3314.41 MB used,  4829.11 MB free, 8143.52 MB total
[2020.02.14-12.05.28:136][  0]LogMemory: Virtual Memory: 520.23 MB used,  134217208.00 MB free, 134217728.00 MB total
[2020.02.14-12.05.28:193][  0]LogWindows: WindowsPlatformFeatures enabled
[2020.02.14-12.05.29:553][  0]LogInit: Using OS detected language (ja-JP).
[2020.02.14-12.05.29:553][  0]LogInit: Using OS detected locale (ja-JP).
[2020.02.14-12.05.29:554][  0]LogTextLocalizationManager: No specific localization for 'ja-JP' exists, so the 'ja' localization will be used.
[2020.02.14-12.05.29:793][  0]LogInit: Setting process to per monitor DPI aware
[2020.02.14-12.05.30:162][  0]LogSlate: New Slate User Created.  User Index 0, Is Virtual User: 0
[2020.02.14-12.05.30:162][  0]LogSlate: Slate User Registered.  User Index 0, Is Virtual User: 0
[2020.02.14-12.05.42:547][  0]LogHMD: Failed to initialize OpenVR with code 105
[2020.02.14-12.05.42:547][  0]LogD3D11RHI: D3D11 adapters:
[2020.02.14-12.05.42:605][  0]LogD3D11RHI:    0. 'NVIDIA GeForce GTX 960' (Feature Level 11_0)
[2020.02.14-12.05.42:605][  0]LogD3D11RHI:       1944/0/4071 MB DedicatedVideo/DedicatedSystem/SharedSystem, Outputs:1, VendorId:0x10de
[2020.02.14-12.05.42:827][  0]LogD3D11RHI:    1. 'Microsoft Basic Render Driver' (Feature Level 11_0)
[2020.02.14-12.05.42:827][  0]LogD3D11RHI:       0/0/256 MB DedicatedVideo/DedicatedSystem/SharedSystem, Outputs:0, VendorId:0x1414
[2020.02.14-12.05.42:827][  0]LogD3D11RHI: Chosen D3D11 Adapter: 0
[2020.02.14-12.05.43:061][  0]LogD3D11RHI: Creating new Direct3DDevice
[2020.02.14-12.05.43:061][  0]LogD3D11RHI:     GPU DeviceId: 0x1401 (for the marketing name, search the web for "GPU Device Id")
[2020.02.14-12.05.43:116][  0]LogWindows: EnumDisplayDevices:
[2020.02.14-12.05.43:116][  0]LogWindows:    0. 'NVLDDMKM' (P:1 D:1)
[2020.02.14-12.05.43:117][  0]LogWindows:    1. 'NVLDDMKM' (P:0 D:0)
[2020.02.14-12.05.43:117][  0]LogWindows:    2. 'NVLDDMKM' (P:0 D:0)
[2020.02.14-12.05.43:118][  0]LogWindows:    3. 'NVLDDMKM' (P:0 D:0)
[2020.02.14-12.05.43:119][  0]LogWindows: DebugString: GetVideoDriverDetailsInvalid GetVideoDriverDetailsInvalid GetVideoDriverDetailsInvalid GetVideoDriverDetailsInvalid FoundDriverCount:4 
[2020.02.14-12.05.43:119][  0]LogD3D11RHI:     Adapter Name: NVIDIA GeForce GTX 960
[2020.02.14-12.05.43:158][  0]LogD3D11RHI:   Driver Version:  (internal:, unified:)
[2020.02.14-12.05.43:158][  0]LogD3D11RHI:      Driver Date: 
[2020.02.14-12.05.43:158][  0]LogRHI: Texture pool is 1361 MB (70% of 1944 MB)
[2020.02.14-12.05.43:442][  0]LogD3D11RHI: Async texture creation enabled
[2020.02.14-12.05.46:021][  0]LogD3D11RHI: GPU Timing Frequency: 1000.000000 (Debug: 2 2)
[2020.02.14-12.05.52:711][  0]LogTemp: Display: Module 'AllDesktopTargetPlatform' loaded TargetPlatform 'AllDesktop'
[2020.02.14-12.05.52:986][  0]LogTemp: Display: Module 'MacClientTargetPlatform' loaded TargetPlatform 'MacClient'
[2020.02.14-12.05.53:055][  0]LogTemp: Display: Module 'MacNoEditorTargetPlatform' loaded TargetPlatform 'MacNoEditor'
[2020.02.14-12.05.53:113][  0]LogTemp: Display: Module 'MacServerTargetPlatform' loaded TargetPlatform 'MacServer'
[2020.02.14-12.05.53:399][  0]LogTemp: Display: Module 'MacTargetPlatform' loaded TargetPlatform 'Mac'
[2020.02.14-12.05.53:613][  0]LogTemp: Display: Module 'WindowsClientTargetPlatform' loaded TargetPlatform 'WindowsClient'
[2020.02.14-12.05.53:644][  0]LogTemp: Display: Module 'WindowsNoEditorTargetPlatform' loaded TargetPlatform 'WindowsNoEditor'
[2020.02.14-12.05.53:770][  0]LogTemp: Display: Module 'WindowsServerTargetPlatform' loaded TargetPlatform 'WindowsServer'
[2020.02.14-12.05.54:023][  0]LogTemp: Display: Module 'WindowsTargetPlatform' loaded TargetPlatform 'Windows'
[2020.02.14-12.05.54:374][  0]LogTemp: Display: Module 'AndroidTargetPlatform' loaded TargetPlatform 'Android'
[2020.02.14-12.05.54:374][  0]LogTemp: Display: Module 'AndroidTargetPlatform' loaded TargetPlatform 'Android_ASTC'
[2020.02.14-12.05.54:374][  0]LogTemp: Display: Module 'AndroidTargetPlatform' loaded TargetPlatform 'Android_ATC'
[2020.02.14-12.05.54:374][  0]LogTemp: Display: Module 'AndroidTargetPlatform' loaded TargetPlatform 'Android_DXT'
[2020.02.14-12.05.54:374][  0]LogTemp: Display: Module 'AndroidTargetPlatform' loaded TargetPlatform 'Android_ETC1'
[2020.02.14-12.05.54:374][  0]LogTemp: Display: Module 'AndroidTargetPlatform' loaded TargetPlatform 'Android_ETC1a'
[2020.02.14-12.05.54:375][  0]LogTemp: Display: Module 'AndroidTargetPlatform' loaded TargetPlatform 'Android_ETC2'
[2020.02.14-12.05.54:375][  0]LogTemp: Display: Module 'AndroidTargetPlatform' loaded TargetPlatform 'Android_PVRTC'
[2020.02.14-12.05.54:375][  0]LogTemp: Display: Module 'AndroidTargetPlatform' loaded TargetPlatform 'AndroidClient'
[2020.02.14-12.05.54:375][  0]LogTemp: Display: Module 'AndroidTargetPlatform' loaded TargetPlatform 'Android_ASTCClient'
[2020.02.14-12.05.54:375][  0]LogTemp: Display: Module 'AndroidTargetPlatform' loaded TargetPlatform 'Android_ATCClient'
[2020.02.14-12.05.54:375][  0]LogTemp: Display: Module 'AndroidTargetPlatform' loaded TargetPlatform 'Android_DXTClient'
[2020.02.14-12.05.54:375][  0]LogTemp: Display: Module 'AndroidTargetPlatform' loaded TargetPlatform 'Android_ETC1Client'
[2020.02.14-12.05.54:375][  0]LogTemp: Display: Module 'AndroidTargetPlatform' loaded TargetPlatform 'Android_ETC1aClient'
[2020.02.14-12.05.54:375][  0]LogTemp: Display: Module 'AndroidTargetPlatform' loaded TargetPlatform 'Android_ETC2Client'
[2020.02.14-12.05.54:375][  0]LogTemp: Display: Module 'AndroidTargetPlatform' loaded TargetPlatform 'Android_PVRTCClient'
[2020.02.14-12.05.54:375][  0]LogTemp: Display: Module 'AndroidTargetPlatform' loaded TargetPlatform 'Android_Multi'
[2020.02.14-12.05.54:375][  0]LogTemp: Display: Module 'AndroidTargetPlatform' loaded TargetPlatform 'Android_MultiClient'
[2020.02.14-12.05.54:527][  0]LogTemp: Display: Module 'HTML5TargetPlatform' loaded TargetPlatform 'HTML5'
[2020.02.14-12.05.55:301][  0]LogTemp: Display: Module 'IOSTargetPlatform' loaded TargetPlatform 'IOSClient'
[2020.02.14-12.05.55:301][  0]LogTemp: Display: Module 'IOSTargetPlatform' loaded TargetPlatform 'IOS'
[2020.02.14-12.05.55:482][  0]LogTemp: Display: Module 'TVOSTargetPlatform' loaded TargetPlatform 'TVOSClient'
[2020.02.14-12.05.55:482][  0]LogTemp: Display: Module 'TVOSTargetPlatform' loaded TargetPlatform 'TVOS'
[2020.02.14-12.05.55:615][  0]LogTemp: Display: Module 'LinuxClientTargetPlatform' loaded TargetPlatform 'LinuxClient'
[2020.02.14-12.05.55:662][  0]LogTemp: Display: Module 'LinuxNoEditorTargetPlatform' loaded TargetPlatform 'LinuxNoEditor'
[2020.02.14-12.05.55:719][  0]LogTemp: Display: Module 'LinuxServerTargetPlatform' loaded TargetPlatform 'LinuxServer'
[2020.02.14-12.05.55:970][  0]LogTemp: Display: Module 'LinuxTargetPlatform' loaded TargetPlatform 'Linux'
[2020.02.14-12.05.56:276][  0]LogTemp: Display: Module 'LuminTargetPlatform' loaded TargetPlatform 'Lumin'
[2020.02.14-12.05.56:276][  0]LogTemp: Display: Module 'LuminTargetPlatform' loaded TargetPlatform 'LuminClient'
[2020.02.14-12.05.56:276][  0]LogTargetPlatformManager: Display: Building Assets For Windows
[2020.02.14-12.05.57:215][  0]LogAudioDebug: Display: Lib vorbis DLL was dynamically loaded.
[2020.02.14-12.06.00:527][  0]LogShaderCompilers: Guid format shader working directory is -10 characters bigger than the processId version (../../../../UE projects/FusionDesignProject/TempuraRun/Intermediate/Shaders/WorkingDirectory/6836/).
[2020.02.14-12.06.00:528][  0]LogShaderCompilers: Cleaned the shader compiler working directory 'C:/Users/KEN/AppData/Local/Temp/UnrealShaderWorkingDir/774D362945FDAE8E733736ABCF8FCD41/'.
[2020.02.14-12.06.00:537][  0]LogXGEController: Cleaning working directory: C:/Users/KEN/AppData/Local/Temp/UnrealXGEWorkingDir/
[2020.02.14-12.06.00:538][  0]LogXGEController: Cannot use XGE Controller as Incredibuild is not installed on this machine.
[2020.02.14-12.06.00:538][  0]LogShaderCompilers: Cannot use XGE Shader Compiler as Incredibuild is not installed on this machine.
[2020.02.14-12.06.00:538][  0]LogShaderCompilers: Display: Using Local Shader Compiler.
[2020.02.14-12.06.16:578][  0]LogDerivedDataCache: Display: Max Cache Size: 512 MB
[2020.02.14-12.06.17:800][  0]LogDerivedDataCache: Loaded boot cache 1.21s 73MB C:/Users/KEN/AppData/Local/UnrealEngine/4.23/DerivedDataCache/Boot.ddc.
[2020.02.14-12.06.17:801][  0]LogDerivedDataCache: Display: Loaded Boot cache: C:/Users/KEN/AppData/Local/UnrealEngine/4.23/DerivedDataCache/Boot.ddc
[2020.02.14-12.06.17:801][  0]LogDerivedDataCache: FDerivedDataBackendGraph:  Pak pak cache file ../../../../UE projects/FusionDesignProject/TempuraRun/DerivedDataCache/DDC.ddp not found, will not use a pak cache.
[2020.02.14-12.06.17:801][  0]LogDerivedDataCache: Unable to find inner node Pak for hierarchical cache Hierarchy.
[2020.02.14-12.06.17:801][  0]LogDerivedDataCache: FDerivedDataBackendGraph:  CompressedPak pak cache file ../../../../UE projects/FusionDesignProject/TempuraRun/DerivedDataCache/Compressed.ddp not found, will not use a pak cache.
[2020.02.14-12.06.17:801][  0]LogDerivedDataCache: Unable to find inner node CompressedPak for hierarchical cache Hierarchy.
[2020.02.14-12.06.18:036][  0]LogDerivedDataCache: Display: Pak cache opened for reading ../../../Engine/DerivedDataCache/Compressed.ddp.
[2020.02.14-12.06.18:108][  0]LogDerivedDataCache: Display: Pak cache opened for reading ../../../Enterprise/DerivedDataCache/Compressed.ddp.
[2020.02.14-12.06.18:145][  0]LogDerivedDataCache: Using Local data cache path C:/Users/KEN/AppData/Local/UnrealEngine/Common/DerivedDataCache: Writable
[2020.02.14-12.06.18:145][  0]LogDerivedDataCache: Shared data cache path not found in *engine.ini, will not use an Shared cache.
[2020.02.14-12.06.18:145][  0]LogDerivedDataCache: Unable to find inner node Shared for hierarchical cache Hierarchy.
[2020.02.14-12.06.18:434][  0]LogMaterial: Verifying Global Shaders for PCD3D_SM5
[2020.02.14-12.06.18:579][  0]LogSlate: Using FreeType 2.6.0
[2020.02.14-12.06.18:692][  0]LogSlate: SlateFontServices - WITH_FREETYPE: 1, WITH_HARFBUZZ: 1
[2020.02.14-12.06.19:712][  0]LogAssetRegistry: FAssetRegistry took 0.0054 seconds to start up
[2020.02.14-12.06.27:931][  0]LogInit: Selected Device Profile: [Windows]
[2020.02.14-12.06.30:711][  0]LogMeshReduction: Using QuadricMeshReduction for automatic static mesh reduction
[2020.02.14-12.06.30:711][  0]LogMeshReduction: Using SimplygonMeshReduction for automatic skeletal mesh reduction
[2020.02.14-12.06.30:711][  0]LogMeshReduction: Using ProxyLODMeshReduction for automatic mesh merging
[2020.02.14-12.06.30:711][  0]LogMeshReduction: No distributed automatic mesh merging module available
[2020.02.14-12.06.30:726][  0]LogMeshMerging: No distributed automatic mesh merging module available
[2020.02.14-12.06.31:316][  0]LogNetVersion: TempuraRun 1.0.0, NetCL: 8386587, EngineNetVer: 11, GameNetVer: 0 (Checksum: 1672533906)
[2020.02.14-12.06.38:401][  0]LogPackageLocalizationCache: Processed 12 localized package path(s) for 1 prioritized culture(s) in 0.128483 seconds
[2020.02.14-12.06.38:519][  0]LogUObjectArray: 43444 objects as part of root set at end of initial load.
[2020.02.14-12.06.38:520][  0]LogUObjectAllocator: 7548648 out of 0 bytes used by permanent object pool.
[2020.02.14-12.06.38:520][  0]LogUObjectArray: CloseDisregardForGC: 0/0 objects in disregard for GC pool
[2020.02.14-12.06.55:332][  0]LogTcpMessaging: Initializing TcpMessaging bridge
[2020.02.14-12.06.55:413][  0]LogUdpMessaging: Initializing bridge on interface 0.0.0.0:0 to multicast group 230.0.0.1:6666.
[2020.02.14-12.06.57:786][  0]SourceControl: ソースコントロールは無効です
[2020.02.14-12.06.57:811][  0]SourceControl: ソースコントロールは無効です
[2020.02.14-12.06.58:282][  0]SourceControl: ソースコントロールは無効です
[2020.02.14-12.06.58:475][  0]SourceControl: ソースコントロールは無効です
[2020.02.14-12.07.02:094][  0]LogAndroidPermission: UAndroidPermissionCallbackProxy::GetInstance
[2020.02.14-12.07.03:731][  0]LogOcInput: OculusInput pre-init called
[2020.02.14-12.07.03:902][  0]LogWindows: Failed to load 'OVRPlugin.dll' (GetLastError=126)
[2020.02.14-12.07.03:902][  0]LogWindows: File 'OVRPlugin.dll' does not exist
[2020.02.14-12.07.05:567][  0]LogEngine: Initializing Engine...
[2020.02.14-12.07.05:685][  0]LogHMD: Failed to initialize OpenVR with code 105
[2020.02.14-12.07.05:749][  0]LogStats: UGameplayTagsManager::InitializeManager -  0.039 s
[2020.02.14-12.07.06:762][  0]LogInit: Initializing FReadOnlyCVARCache
[2020.02.14-12.07.07:292][  0]LogAIModule: Creating AISystem for world Untitled
[2020.02.14-12.07.07:669][  0]LogInit: XAudio2 using 'PLX2380H (NVIDIA High Definition Audio)' : 2 channels at 48 kHz using 16 bits per sample (channel mask 0x3)
[2020.02.14-12.07.08:200][  0]LogInit: FAudioDevice initialized.
[2020.02.14-12.07.08:200][  0]LogNetVersion: Set ProjectVersion to 1.0.0.0. Version Checksum will be recalculated on next use.
[2020.02.14-12.07.08:516][  0]LogDerivedDataCache: Saved boot cache 0.32s 73MB C:/Users/KEN/AppData/Local/UnrealEngine/4.23/DerivedDataCache/Boot.ddc.
[2020.02.14-12.07.08:525][  0]LogInit: Texture streaming: Enabled
[2020.02.14-12.07.09:137][  0]LogEngineSessionManager: EngineSessionManager initialized
[2020.02.14-12.07.09:137][  0]LogEditorSessionSummary: Verbose: Initializing EditorSessionSummaryWriter for editor session tracking
[2020.02.14-12.07.09:236][  0]LogEditorSessionSummary: EditorSessionSummaryWriter initialized
[2020.02.14-12.07.09:990][  0]LogInit: Transaction tracking system initialized
[2020.02.14-12.07.11:782][  0]BlueprintLog: New page: エディタの読み込み
[2020.02.14-12.07.13:956][  0]LocalizationService: ローカライズのサービスが無効になりました
[2020.02.14-12.07.19:285][  0]LogFileCache: Scanning file cache for directory 'E:/UE projects/FusionDesignProject/TempuraRun/Content/' took 0.09s
[2020.02.14-12.07.19:285][  0]LogCook: Display: Max memory allowance for cook 16384mb min free memory 0mb
[2020.02.14-12.07.19:285][  0]LogCook: Display: Mobile HDR setting 1
[2020.02.14-12.07.23:211][  0]SourceControl: ソースコントロールは無効です
[2020.02.14-12.07.23:259][  0]Cmd: MAP LOAD FILE="../../../../UE projects/FusionDesignProject/TempuraRun/Content/ThirdPersonBP/Maps/ThirdPersonExampleMap.umap" TEMPLATE=0 SHOWPROGRESS=1 FEATURELEVEL=3
[2020.02.14-12.07.23:301][  0]LightingResults: New page: ライティングのビルド
[2020.02.14-12.07.23:433][  0]LogWorld: UWorld::CleanupWorld for Untitled, bSessionEnded=true, bCleanupResources=true
[2020.02.14-12.07.23:516][  0]MapCheck: New page: マップをチェック
[2020.02.14-12.07.23:516][  0]LightingResults: New page: <何も選択されていません>
[2020.02.14-12.07.23:872][  0]LogUObjectHash: Compacting FUObjectHashTables data took   1.83ms
[2020.02.14-12.07.28:120][  0]LogAIModule: Creating AISystem for world ThirdPersonExampleMap
[2020.02.14-12.07.28:872][  0]LogEditorServer: Finished looking for orphan Actors (0.000 secs)
[2020.02.14-12.07.29:066][  0]LogUObjectHash: Compacting FUObjectHashTables data took   2.54ms
[2020.02.14-12.07.29:066][  0]Cmd: MAP CHECKDEP NOCLEARLOG
[2020.02.14-12.07.29:083][  0]MapCheck: マップチェックが完了: 0 エラー、 0 警告、完了に 16.95ミリ秒かかりました。
[2020.02.14-12.07.29:083][  0]LogFileHelpers: Loading map 'ThirdPersonExampleMap' took 5.847
[2020.02.14-12.07.30:766][  0]LogSlate: Updating window title bar state: overlay mode, drag disabled, window buttons hidden, title bar hidden
[2020.02.14-12.07.30:808][  0]LogSlate: Updating window title bar state: overlay mode, drag disabled, window buttons hidden, title bar hidden
[2020.02.14-12.07.30:823][  0]LogSlate: Updating window title bar state: overlay mode, drag disabled, window buttons hidden, title bar hidden
[2020.02.14-12.07.30:830][  0]LogSlate: Updating window title bar state: overlay mode, drag disabled, window buttons hidden, title bar hidden
[2020.02.14-12.07.30:964][  0]LogCollectionManager: Loaded 0 collections in 0.005431 seconds
[2020.02.14-12.07.31:047][  0]LogFileCache: Scanning file cache for directory 'E:/UE projects/FusionDesignProject/TempuraRun/Saved/Collections/' took 0.00s
[2020.02.14-12.07.31:047][  0]LogFileCache: Scanning file cache for directory 'E:/UE projects/FusionDesignProject/TempuraRun/Content/Developers/KEN/Collections/' took 0.00s
[2020.02.14-12.07.31:047][  0]LogFileCache: Scanning file cache for directory 'E:/UE projects/FusionDesignProject/TempuraRun/Content/Collections/' took 0.00s
[2020.02.14-12.07.31:047][  0]LogCollectionManager: Rebuilt the GUID cache for 0 collections in 0.000002 seconds
[2020.02.14-12.07.31:076][  0]LogContentBrowser: Native class hierarchy populated in 0.0284 seconds. Added 2865 classes and 682 folders.
[2020.02.14-12.07.31:114][  0]LogContentBrowser: Native class hierarchy updated for 'WidgetCarousel' in 0.0004 seconds. Added 0 classes and 0 folders.
[2020.02.14-12.07.33:043][  0]LogContentBrowser: Native class hierarchy updated for 'AddContentDialog' in 0.0003 seconds. Added 0 classes and 0 folders.
[2020.02.14-12.07.33:114][  0]LogContentBrowser: Native class hierarchy updated for 'SceneOutliner' in 0.0003 seconds. Added 1 classes and 2 folders.
[2020.02.14-12.07.34:099][  0]LogSlate: Took 0.047190 seconds to synchronously load lazily loaded font '../../../Engine/Content/Slate/Fonts/Roboto-Regular.ttf' (155K)
[2020.02.14-12.07.34:149][  0]LogSlate: Took 0.043451 seconds to synchronously load lazily loaded font '../../../Engine/Content/Editor/Slate/Fonts/GenEiGothicPro-Regular.otf' (707K)
[2020.02.14-12.07.34:165][  0]LogSlate: Took 0.015779 seconds to synchronously load lazily loaded font '../../../Engine/Content/Editor/Slate/Fonts/GenEiGothicPro-Bold.otf' (698K)
[2020.02.14-12.07.34:182][  0]LogSlate: Took 0.016611 seconds to synchronously load lazily loaded font '../../../Engine/Content/Slate/Fonts/Roboto-Bold.ttf' (160K)
[2020.02.14-12.07.34:244][  0]LogSlate: Took 0.019510 seconds to synchronously load lazily loaded font '../../../Engine/Content/Editor/Slate/Fonts/FontAwesome.ttf' (139K)
[2020.02.14-12.07.34:854][  0]LogRenderer: Reallocating scene render targets to support 1208x572 Format 10 NumSamples 1 (Frame:1).
[2020.02.14-12.07.35:513][  0]LogContentBrowser: Native class hierarchy updated for 'HierarchicalLODOutliner' in 0.0003 seconds. Added 0 classes and 0 folders.
[2020.02.14-12.07.35:514][  0]LogLoad: (Engine Initialization) Total time: 140.12 seconds
[2020.02.14-12.07.35:514][  0]LogLoad: (Engine Initialization) Total Blueprint compile time: 0.00 seconds
[2020.02.14-12.07.35:880][  0]LogContentStreaming: Texture pool size now 1000 MB
[2020.02.14-12.07.36:136][  0]LogSlate: Took 0.019417 seconds to synchronously load lazily loaded font '../../../Engine/Content/Slate/Fonts/Roboto-Light.ttf' (167K)
[2020.02.14-12.07.39:899][ 51]LogAssetRegistry: Asset discovery search completed in 80.1876 seconds
[2020.02.14-12.07.39:902][ 51]LogCollectionManager: Rebuilt the object cache for 0 collections in 0.000007 seconds (found 0 objects)
[2020.02.14-12.07.39:902][ 51]LogCollectionManager: Fixed up redirectors for 0 collections in 0.000048 seconds (updated 0 objects)
[2020.02.14-12.08.35:665][556]LogEditorSessionSummary: EditorSessionSummary sent report. Type=Shutdown, SessionId={B93DE265-4B77-F964-EB7C-FA86CEA9840D}
[2020.02.14-12.08.35:665][556]LogEditorSessionSummary: EditorSessionSummary sent report. Type=Shutdown, SessionId={EDFD7DA1-4C44-608E-169E-329BBFC041AF}
[2020.02.14-12.10.41:583][933]LogSlate: FSceneViewport::OnFocusLost() reason 0
[2020.02.14-12.11.57:658][348]LogSlate: Took 0.113036 seconds to synchronously load lazily loaded font '../../../Engine/Content/Editor/Slate/Fonts/GenEiGothicPro-Light.otf' (713K)
[2020.02.14-12.14.08:274][535]LogSlate: Took 0.000169 seconds to synchronously load lazily loaded font '../../../Engine/Content/Slate/Fonts/Roboto-Light.ttf' (167K)
[2020.02.14-12.14.08:295][535]LogAssetEditorManager: Opening Asset editor for Blueprint /Game/ThirdPersonBP/Blueprints/ThirdPersonCharacter.ThirdPersonCharacter
[2020.02.14-12.14.09:169][535]LogContentBrowser: Native class hierarchy updated for 'BlueprintGraph' in 0.0006 seconds. Added 121 classes and 0 folders.
[2020.02.14-12.14.11:136][535]LogSlate: Took 0.021897 seconds to synchronously load lazily loaded font '../../../Engine/Content/Editor/Slate/Fonts/GenEiGothicPro-SemiBold.otf' (703K)
[2020.02.14-12.14.11:172][535]LogSlate: Took 0.036396 seconds to synchronously load lazily loaded font '../../../Engine/Content/Slate/Fonts/Roboto-BoldCondensed.ttf' (158K)
[2020.02.14-12.14.11:606][536]LogSlate: Took 0.027439 seconds to synchronously load lazily loaded font '../../../Engine/Content/Slate/Fonts/Roboto-Italic.ttf' (157K)
[2020.02.14-12.18.05:429][ 59]LogWorld: UWorld::CleanupWorld for World_4, bSessionEnded=true, bCleanupResources=true
[2020.02.14-12.19.54:606][571]LogAssetEditorManager: Opening Asset editor for AnimSequence /Game/model/ebi/animation/ebitenThirdPerson_Jump.ebitenThirdPerson_Jump
[2020.02.14-12.19.55:254][571]LogContentBrowser: Native class hierarchy updated for 'SkeletonEditor' in 0.0004 seconds. Added 1 classes and 2 folders.
[2020.02.14-12.19.56:089][571]LogActorComponent: RegisterComponentWithWorld: (/Engine/Transient.World_6:PersistentLevel.AnimationEditorPreviewActor_0.DebugSkelMeshComponent_0) Already registered. Aborting.
[2020.02.14-12.19.56:134][571]LogContentBrowser: Native class hierarchy updated for 'PinnedCommandList' in 0.0004 seconds. Added 1 classes and 0 folders.
[2020.02.14-12.19.56:456][571]LogSkeletalMesh: USkeletalMeshComponent::InitArticulated : Bodies already created (/Engine/Transient.World_6:PersistentLevel.AnimationEditorPreviewActor_0.DebugSkelMeshComponent_0) - call TermArticulated first.
[2020.02.14-12.19.57:765][571]LogContentBrowser: Verbose: The majority of assets in the view are of type: AnimSequence
[2020.02.14-12.20.00:996][844]LogSlate: Window 'ebitenThirdPerson_Jump' being destroyed
[2020.02.14-12.21.05:062][998]LogSlate: Prevented a slow task dialog from being summoned while a context menu was open
[2020.02.14-12.21.31:942][982]LogFactory: FactoryCreateFile: FileMediaSource with WmfFileMediaSourceFactory (0 0 E:\UE projects\FusionDesignProject\TempuraRun\Content\Voice\jump04.mp3)
[2020.02.14-12.21.56:633][463]LogUObjectHash: Compacting FUObjectHashTables data took   5.34ms
[2020.02.14-12.21.58:572][463]LogSlate: Window 'Delete Assets' being destroyed
[2020.02.14-12.21.58:796][463]LogUObjectHash: Compacting FUObjectHashTables data took   3.07ms
[2020.02.14-12.22.05:948][716]LogFactory: FactoryCreateFile: FileMediaSource with WmfFileMediaSourceFactory (0 0 ../../../../UE projects/FusionDesignProject/TempuraRun/Content/Voice/jump04.mp3)
[2020.02.14-12.22.42:613][190]LogUObjectHash: Compacting FUObjectHashTables data took   2.74ms
[2020.02.14-12.22.42:613][190]LogFileHelpers: Editor autosave (incl. sublevels) for '/Game/ThirdPersonBP/Maps/ThirdPersonExampleMap' took 0.029
[2020.02.14-12.22.42:670][190]OBJ SavePackage: Generating thumbnails for [1] asset(s) in package [/Game/model/ebi/animation/ebitenThirdPerson_Jump] ([1] browsable assets)...
[2020.02.14-12.22.42:702][190]OBJ SavePackage:     Rendered thumbnail for [AnimSequence /Game/model/ebi/animation/ebitenThirdPerson_Jump.ebitenThirdPerson_Jump]
[2020.02.14-12.22.42:702][190]OBJ SavePackage: Finished generating thumbnails for package [/Game/model/ebi/animation/ebitenThirdPerson_Jump]
[2020.02.14-12.22.42:989][190]LogSavePackage: Moving '../../../../UE projects/FusionDesignProject/TempuraRun/Saved/ebitenThirdPerson_Jump_Auto1BF1F62E24B96FBC30FA3A7A52203EFBF.tmp' to '../../../../UE projects/FusionDesignProject/TempuraRun/Saved/Autosaves/Game/model/ebi/animation/ebitenThirdPerson_Jump_Auto1.uasset'
[2020.02.14-12.22.43:009][190]OBJ SavePackage: Generating thumbnails for [0] asset(s) in package [/Game/Voice/jump04] ([1] browsable assets)...
[2020.02.14-12.22.43:009][190]OBJ SavePackage: Finished generating thumbnails for package [/Game/Voice/jump04]
[2020.02.14-12.22.43:009][190]Cmd: OBJ SAVEPACKAGE PACKAGE="/Game/Voice/jump04" FILE="../../../../UE projects/FusionDesignProject/TempuraRun/Saved/Autosaves/Game/Voice/jump04_Auto1.uasset" SILENT=false AUTOSAVING=true
[2020.02.14-12.22.43:105][190]LogSavePackage: Moving '../../../../UE projects/FusionDesignProject/TempuraRun/Saved/jump04_Auto13492A1A94CFAFE5FF76C1A9CA2D638D8.tmp' to '../../../../UE projects/FusionDesignProject/TempuraRun/Saved/Autosaves/Game/Voice/jump04_Auto1.uasset'
[2020.02.14-12.22.43:106][190]LogFileHelpers: Auto-saving content packages took 0.491
[2020.02.14-12.29.58:205][581]AssetReimport: New page: 未処理のソースコンテンツ変更 6:29:58
[2020.02.14-12.29.58:338][582]LogFactory: FactoryCreateFile: SoundWave with ReimportSoundFactory (0 0 E:/UE projects/FusionDesignProject/TempuraRun/Content/Voice/jump04.wav)
[2020.02.14-12.29.58:401][582]LogWindows: Windows GetLastError: この操作を正しく終了しました。 (0)
[2020.02.14-12.30.32:671][582]LogExit: Executing StaticShutdownAfterError
[2020.02.14-12.30.33:927][582]LogWindows: FPlatformMisc::RequestExit(1)
[2020.02.14-12.30.34:523][582]Log file closed, 02/14/20 21:30:34
