Log file open, 02/04/20 11:04:00
LogWindows: Failed to load 'aqProf.dll' (GetLastError=126)
LogWindows: File 'aqProf.dll' does not exist
LogWindows: Failed to load 'VtuneApi.dll' (GetLastError=126)
LogWindows: File 'VtuneApi.dll' does not exist
LogWindows: Failed to load 'VtuneApi32e.dll' (GetLastError=126)
LogWindows: File 'VtuneApi32e.dll' does not exist
LogConsoleResponse: Display: Failed to find resolution value strings in scalability ini. Falling back to default.
LogInit: Display: Running engine for game: TempuraRun
LogPlatformFile: Not using cached read wrapper
LogTaskGraph: Started task graph with 5 named threads and 23 total threads with 3 sets of task threads.
LogStats: Stats thread started at 0.142704
LogD3D11RHI: Loaded GFSDK_Aftermath_Lib.x64.dll
LogICUInternationalization: ICU TimeZone Detection - Raw Offset: +9:00, Platform Override: ''
LogPluginManager: Mounting plugin Paper2D
LogPluginManager: Mounting plugin AISupport
LogPluginManager: Mounting plugin LightPropagationVolume
LogPluginManager: Mounting plugin ActorLayerUtilities
LogPluginManager: Mounting plugin AnimationSharing
LogPluginManager: Mounting plugin CLionSourceCodeAccess
LogPluginManager: Mounting plugin CodeLiteSourceCodeAccess
LogPluginManager: Mounting plugin GitSourceControl
LogPluginManager: Mounting plugin KDevelopSourceCodeAccess
LogPluginManager: Mounting plugin NullSourceCodeAccess
LogPluginManager: Mounting plugin PerforceSourceControl
LogPluginManager: Mounting plugin SubversionSourceControl
LogPluginManager: Mounting plugin UObjectPlugin
LogPluginManager: Mounting plugin VisualStudioCodeSourceCodeAccess
LogPluginManager: Mounting plugin VisualStudioSourceCodeAccess
LogPluginManager: Mounting plugin XCodeSourceCodeAccess
LogPluginManager: Mounting plugin AssetManagerEditor
LogPluginManager: Mounting plugin CryptoKeys
LogPluginManager: Mounting plugin CurveEditorTools
LogPluginManager: Mounting plugin DataValidation
LogPluginManager: Mounting plugin FacialAnimation
LogPluginManager: Mounting plugin GameplayTagsEditor
LogPluginManager: Mounting plugin MacGraphicsSwitching
LogPluginManager: Mounting plugin MaterialAnalyzer
LogPluginManager: Mounting plugin MobileLauncherProfileWizard
LogPluginManager: Mounting plugin PluginBrowser
LogPluginManager: Mounting plugin SpeedTreeImporter
LogPluginManager: Mounting plugin DatasmithContent
LogPluginManager: Mounting plugin VariantManagerContent
LogPluginManager: Mounting plugin AlembicImporter
LogPluginManager: Mounting plugin AutomationUtils
LogPluginManager: Mounting plugin BackChannel
LogPluginManager: Mounting plugin CharacterAI
LogPluginManager: Mounting plugin GeometryCache
LogPluginManager: Mounting plugin HTML5Networking
LogPluginManager: Mounting plugin PlatformCrypto
LogPluginManager: Mounting plugin ProxyLODPlugin
LogPluginManager: Mounting plugin SkeletalReduction
LogPluginManager: Mounting plugin MagicLeap
LogPluginManager: Mounting plugin MagicLeapMedia
LogPluginManager: Mounting plugin AndroidMedia
LogPluginManager: Mounting plugin AvfMedia
LogPluginManager: Mounting plugin ImgMedia
LogPluginManager: Mounting plugin MediaCompositing
LogPluginManager: Mounting plugin MediaPlayerEditor
LogPluginManager: Mounting plugin WebMMedia
LogPluginManager: Mounting plugin WmfMedia
LogPluginManager: Mounting plugin TcpMessaging
LogPluginManager: Mounting plugin UdpMessaging
LogPluginManager: Mounting plugin ActorSequence
LogPluginManager: Mounting plugin LevelSequenceEditor
LogPluginManager: Mounting plugin MatineeToLevelSequence
LogPluginManager: Mounting plugin NetcodeUnitTest
LogPluginManager: Mounting plugin NUTUnrealEngine4
LogPluginManager: Mounting plugin OnlineSubsystemGooglePlay
LogPluginManager: Mounting plugin OnlineSubsystemIOS
LogPluginManager: Mounting plugin OnlineSubsystem
LogPluginManager: Mounting plugin OnlineSubsystemNull
LogPluginManager: Mounting plugin OnlineSubsystemUtils
LogPluginManager: Mounting plugin LauncherChunkInstaller
LogPluginManager: Mounting plugin AndroidDeviceProfileSelector
LogPluginManager: Mounting plugin AndroidMoviePlayer
LogPluginManager: Mounting plugin AndroidPermission
LogPluginManager: Mounting plugin AppleImageUtils
LogPluginManager: Mounting plugin AppleMoviePlayer
LogPluginManager: Mounting plugin ArchVisCharacter
LogPluginManager: Mounting plugin AudioCapture
LogPluginManager: Mounting plugin CableComponent
LogPluginManager: Mounting plugin CustomMeshComponent
LogPluginManager: Mounting plugin EditableMesh
LogPluginManager: Mounting plugin ExampleDeviceProfileSelector
LogPluginManager: Mounting plugin GoogleCloudMessaging
LogPluginManager: Mounting plugin IOSDeviceProfileSelector
LogPluginManager: Mounting plugin LinuxDeviceProfileSelector
LogPluginManager: Mounting plugin LocationServicesBPLibrary
LogPluginManager: Mounting plugin MobilePatchingUtils
LogPluginManager: Mounting plugin OculusVR
LogPluginManager: Mounting plugin PhysXVehicles
LogPluginManager: Mounting plugin ProceduralMeshComponent
LogPluginManager: Mounting plugin RuntimePhysXCooking
LogPluginManager: Mounting plugin SignificanceManager
LogPluginManager: Mounting plugin SteamVR
LogPluginManager: Mounting plugin WebMMoviePlayer
LogPluginManager: Mounting plugin WindowsMoviePlayer
LogPluginManager: Mounting plugin ScreenshotTools
LogInit: Using libcurl 7.55.1-DEV
LogInit:  - built for x86_64-pc-win32
LogInit:  - supports SSL with OpenSSL/1.1.1
LogInit:  - supports HTTP deflate (compression) using libz 1.2.8
LogInit:  - other features:
LogInit:      CURL_VERSION_SSL
LogInit:      CURL_VERSION_LIBZ
LogInit:      CURL_VERSION_IPV6
LogInit:      CURL_VERSION_ASYNCHDNS
LogInit:      CURL_VERSION_LARGEFILE
LogInit:      CURL_VERSION_IDN
LogInit:  CurlRequestOptions (configurable via config and command line):
LogInit:  - bVerifyPeer = true  - Libcurl will verify peer certificate
LogInit:  - bUseHttpProxy = false  - Libcurl will NOT use HTTP proxy
LogInit:  - bDontReuseConnections = false  - Libcurl will reuse connections
LogInit:  - MaxHostConnections = 16  - Libcurl will limit the number of connections to a host
LogInit:  - LocalHostAddr = Default
LogInit:  - BufferSize = 65536
LogOnline: OSS: Creating online subsystem instance for: NULL
LogInit: WinSock: version 1.1 (2.2), MaxSocks=32767, MaxUdp=65467
LogInit: Build: ++UE4+Release-4.23-CL-9631420
LogInit: Engine Version: 4.23.1-9631420+++UE4+Release-4.23
LogInit: Compatible Engine Version: 4.23.0-8386587+++UE4+Release-4.23
LogInit: Net CL: 8386587
LogInit: OS: Windows 10 (Release 1909) (), CPU: Intel(R) Core(TM) i7-4770 CPU @ 3.40GHz, GPU: Intel(R) HD Graphics 4600
LogInit: Compiled (64-bit): Oct 18 2019 02:07:44
LogInit: Compiled with Visual C++: 19.16.27030.01
LogInit: Build Configuration: Development
LogInit: Branch Name: ++UE4+Release-4.23
LogInit: Command Line:  -skipcompile
LogInit: Base Directory: C:/Program Files/Epic Games/UE_4.23/Engine/Binaries/Win64/
LogInit: Installed Engine Build: 1
LogDevObjectVersion: Number of dev versions registered: 23
LogDevObjectVersion:   Dev-Blueprints (B0D832E4-1F89-4F0D-ACCF-7EB736FD4AA2): 10
LogDevObjectVersion:   Dev-Build (E1C64328-A22C-4D53-A36C-8E866417BD8C): 0
LogDevObjectVersion:   Dev-Core (375EC13C-06E4-48FB-B500-84F0262A717E): 3
LogDevObjectVersion:   Dev-Editor (E4B068ED-F494-42E9-A231-DA0B2E46BB41): 34
LogDevObjectVersion:   Dev-Framework (CFFC743F-43B0-4480-9391-14DF171D2073): 35
LogDevObjectVersion:   Dev-Mobile (B02B49B5-BB20-44E9-A304-32B752E40360): 2
LogDevObjectVersion:   Dev-Networking (A4E4105C-59A1-49B5-A7C5-40C4547EDFEE): 0
LogDevObjectVersion:   Dev-Online (39C831C9-5AE6-47DC-9A44-9C173E1C8E7C): 0
LogDevObjectVersion:   Dev-Physics (78F01B33-EBEA-4F98-B9B4-84EACCB95AA2): 0
LogDevObjectVersion:   Dev-Platform (6631380F-2D4D-43E0-8009-CF276956A95A): 0
LogDevObjectVersion:   Dev-Rendering (12F88B9F-8875-4AFC-A67C-D90C383ABD29): 31
LogDevObjectVersion:   Dev-Sequencer (7B5AE74C-D270-4C10-A958-57980B212A5A): 11
LogDevObjectVersion:   Dev-VR (D7296918-1DD6-4BDD-9DE2-64A83CC13884): 2
LogDevObjectVersion:   Dev-LoadTimes (C2A15278-BFE7-4AFE-6C17-90FF531DF755): 1
LogDevObjectVersion:   Private-Geometry (6EACA3D4-40EC-4CC1-B786-8BED09428FC5): 3
LogDevObjectVersion:   Dev-AnimPhys (29E575DD-E0A3-4627-9D10-D276232CDCEA): 17
LogDevObjectVersion:   Dev-Anim (AF43A65D-7FD3-4947-9873-3E8ED9C1BB05): 2
LogDevObjectVersion:   Dev-ReflectionCapture (6B266CEC-1EC7-4B8F-A30B-E4D90942FC07): 1
LogDevObjectVersion:   Dev-Automation (0DF73D61-A23F-47EA-B727-89E90C41499A): 1
LogDevObjectVersion:   FortniteMain (601D1886-AC64-4F84-AA16-D3DE0DEAC7D6): 27
LogDevObjectVersion:   Dev-Enterprise (9DFFBCD6-494F-0158-E221-12823C92A888): 6
LogDevObjectVersion:   Dev-Niagara (F2AED0AC-9AFE-416F-8664-AA7FFA26D6FC): 1
LogDevObjectVersion:   Dev-Destruction (174F1F0B-B4C6-45A5-B13F-2EE8D0FB917D): 9
LogInit: Presizing for max 16777216 objects, including 0 objects not considered by GC, pre-allocating 0 bytes for permanent pool.
LogInit: Object subsystem initialized
LogConfig: Setting CVar [[con.DebugEarlyDefault:1]]
LogConfig: Setting CVar [[r.setres:1280x720]]
[2020.02.04-02.04.01:155][  0]LogConfig: Setting CVar [[r.VSync:0]]
[2020.02.04-02.04.01:155][  0]LogConfig: Setting CVar [[r.RHICmdBypass:0]]
[2020.02.04-02.04.01:155][  0]LogConfig: Applying CVar settings from Section [/Script/Engine.RendererSettings] File [E:/Documents/Unreal Projects/TempuraRun/Saved/Config/Windows/Engine.ini]
[2020.02.04-02.04.01:155][  0]LogConfig: Setting CVar [[r.GPUCrashDebugging:0]]
[2020.02.04-02.04.01:155][  0]LogConfig: Applying CVar settings from Section [/Script/Engine.RendererOverrideSettings] File [E:/Documents/Unreal Projects/TempuraRun/Saved/Config/Windows/Engine.ini]
[2020.02.04-02.04.01:155][  0]LogConfig: Applying CVar settings from Section [/Script/Engine.StreamingSettings] File [E:/Documents/Unreal Projects/TempuraRun/Saved/Config/Windows/Engine.ini]
[2020.02.04-02.04.01:155][  0]LogConfig: Setting CVar [[s.MinBulkDataSizeForAsyncLoading:131072]]
[2020.02.04-02.04.01:155][  0]LogConfig: Setting CVar [[s.AsyncLoadingThreadEnabled:0]]
[2020.02.04-02.04.01:155][  0]LogConfig: Setting CVar [[s.EventDrivenLoaderEnabled:1]]
[2020.02.04-02.04.01:155][  0]LogConfig: Setting CVar [[s.WarnIfTimeLimitExceeded:0]]
[2020.02.04-02.04.01:155][  0]LogConfig: Setting CVar [[s.TimeLimitExceededMultiplier:1.5]]
[2020.02.04-02.04.01:156][  0]LogConfig: Setting CVar [[s.TimeLimitExceededMinTime:0.005]]
[2020.02.04-02.04.01:156][  0]LogConfig: Setting CVar [[s.UseBackgroundLevelStreaming:1]]
[2020.02.04-02.04.01:156][  0]LogConfig: Setting CVar [[s.PriorityAsyncLoadingExtraTime:15.0]]
[2020.02.04-02.04.01:156][  0]LogConfig: Setting CVar [[s.LevelStreamingActorsUpdateTimeLimit:5.0]]
[2020.02.04-02.04.01:156][  0]LogConfig: Setting CVar [[s.PriorityLevelStreamingActorsUpdateExtraTime:5.0]]
[2020.02.04-02.04.01:156][  0]LogConfig: Setting CVar [[s.LevelStreamingComponentsRegistrationGranularity:10]]
[2020.02.04-02.04.01:156][  0]LogConfig: Setting CVar [[s.UnregisterComponentsTimeLimit:1.0]]
[2020.02.04-02.04.01:156][  0]LogConfig: Setting CVar [[s.LevelStreamingComponentsUnregistrationGranularity:5]]
[2020.02.04-02.04.01:156][  0]LogConfig: Applying CVar settings from Section [/Script/Engine.GarbageCollectionSettings] File [E:/Documents/Unreal Projects/TempuraRun/Saved/Config/Windows/Engine.ini]
[2020.02.04-02.04.01:156][  0]LogConfig: Setting CVar [[gc.MaxObjectsNotConsideredByGC:1]]
[2020.02.04-02.04.01:156][  0]LogConfig: Setting CVar [[gc.SizeOfPermanentObjectPool:0]]
[2020.02.04-02.04.01:156][  0]LogConfig: Setting CVar [[gc.FlushStreamingOnGC:0]]
[2020.02.04-02.04.01:156][  0]LogConfig: Setting CVar [[gc.NumRetriesBeforeForcingGC:10]]
[2020.02.04-02.04.01:156][  0]LogConfig: Setting CVar [[gc.AllowParallelGC:1]]
[2020.02.04-02.04.01:156][  0]LogConfig: Setting CVar [[gc.TimeBetweenPurgingPendingKillObjects:61.1]]
[2020.02.04-02.04.01:156][  0]LogConfig: Setting CVar [[gc.MaxObjectsInEditor:16777216]]
[2020.02.04-02.04.01:156][  0]LogConfig: Setting CVar [[gc.IncrementalBeginDestroyEnabled:1]]
[2020.02.04-02.04.01:157][  0]LogConfig: Setting CVar [[gc.CreateGCClusters:1]]
[2020.02.04-02.04.01:157][  0]LogConfig: Setting CVar [[gc.MinGCClusterSize:5]]
[2020.02.04-02.04.01:157][  0]LogConfig: Setting CVar [[gc.ActorClusteringEnabled:0]]
[2020.02.04-02.04.01:157][  0]LogConfig: Setting CVar [[gc.BlueprintClusteringEnabled:0]]
[2020.02.04-02.04.01:157][  0]LogConfig: Setting CVar [[gc.UseDisregardForGCOnDedicatedServers:0]]
[2020.02.04-02.04.01:157][  0]LogConfig: Applying CVar settings from Section [/Script/Engine.NetworkSettings] File [E:/Documents/Unreal Projects/TempuraRun/Saved/Config/Windows/Engine.ini]
[2020.02.04-02.04.01:157][  0]LogConfig: Applying CVar settings from Section [/Script/UnrealEd.CookerSettings] File [E:/Documents/Unreal Projects/TempuraRun/Saved/Config/Windows/Engine.ini]
[2020.02.04-02.04.01:164][  0]LogConfig: Applying CVar settings from Section [ViewDistanceQuality@3] File [E:/Documents/Unreal Projects/TempuraRun/Saved/Config/Windows/Scalability.ini]
[2020.02.04-02.04.01:164][  0]LogConfig: Setting CVar [[r.SkeletalMeshLODBias:0]]
[2020.02.04-02.04.01:164][  0]LogConfig: Setting CVar [[r.ViewDistanceScale:1.0]]
[2020.02.04-02.04.01:164][  0]LogConfig: Applying CVar settings from Section [AntiAliasingQuality@3] File [E:/Documents/Unreal Projects/TempuraRun/Saved/Config/Windows/Scalability.ini]
[2020.02.04-02.04.01:165][  0]LogConfig: Setting CVar [[r.PostProcessAAQuality:4]]
[2020.02.04-02.04.01:165][  0]LogConfig: Applying CVar settings from Section [ShadowQuality@3] File [E:/Documents/Unreal Projects/TempuraRun/Saved/Config/Windows/Scalability.ini]
[2020.02.04-02.04.01:165][  0]LogConfig: Setting CVar [[r.LightFunctionQuality:1]]
[2020.02.04-02.04.01:165][  0]LogConfig: Setting CVar [[r.ShadowQuality:5]]
[2020.02.04-02.04.01:165][  0]LogConfig: Setting CVar [[r.Shadow.CSM.MaxCascades:10]]
[2020.02.04-02.04.01:165][  0]LogConfig: Setting CVar [[r.Shadow.MaxResolution:2048]]
[2020.02.04-02.04.01:165][  0]LogConfig: Setting CVar [[r.Shadow.MaxCSMResolution:2048]]
[2020.02.04-02.04.01:165][  0]LogConfig: Setting CVar [[r.Shadow.RadiusThreshold:0.01]]
[2020.02.04-02.04.01:165][  0]LogConfig: Setting CVar [[r.Shadow.DistanceScale:1.0]]
[2020.02.04-02.04.01:165][  0]LogConfig: Setting CVar [[r.Shadow.CSM.TransitionScale:1.0]]
[2020.02.04-02.04.01:165][  0]LogConfig: Setting CVar [[r.Shadow.PreShadowResolutionFactor:1.0]]
[2020.02.04-02.04.01:165][  0]LogConfig: Setting CVar [[r.DistanceFieldShadowing:1]]
[2020.02.04-02.04.01:165][  0]LogConfig: Setting CVar [[r.DistanceFieldAO:1]]
[2020.02.04-02.04.01:165][  0]LogConfig: Setting CVar [[r.AOQuality:2]]
[2020.02.04-02.04.01:165][  0]LogConfig: Setting CVar [[r.VolumetricFog:1]]
[2020.02.04-02.04.01:165][  0]LogConfig: Setting CVar [[r.VolumetricFog.GridPixelSize:8]]
[2020.02.04-02.04.01:165][  0]LogConfig: Setting CVar [[r.VolumetricFog.GridSizeZ:128]]
[2020.02.04-02.04.01:165][  0]LogConfig: Setting CVar [[r.VolumetricFog.HistoryMissSupersampleCount:4]]
[2020.02.04-02.04.01:165][  0]LogConfig: Setting CVar [[r.LightMaxDrawDistanceScale:1]]
[2020.02.04-02.04.01:166][  0]LogConfig: Setting CVar [[r.CapsuleShadows:1]]
[2020.02.04-02.04.01:166][  0]LogConfig: Applying CVar settings from Section [PostProcessQuality@3] File [E:/Documents/Unreal Projects/TempuraRun/Saved/Config/Windows/Scalability.ini]
[2020.02.04-02.04.01:166][  0]LogConfig: Setting CVar [[r.MotionBlurQuality:4]]
[2020.02.04-02.04.01:166][  0]LogConfig: Setting CVar [[r.AmbientOcclusionMipLevelFactor:0.4]]
[2020.02.04-02.04.01:166][  0]LogConfig: Setting CVar [[r.AmbientOcclusionMaxQuality:100]]
[2020.02.04-02.04.01:166][  0]LogConfig: Setting CVar [[r.AmbientOcclusionLevels:-1]]
[2020.02.04-02.04.01:166][  0]LogConfig: Setting CVar [[r.AmbientOcclusionRadiusScale:1.0]]
[2020.02.04-02.04.01:166][  0]LogConfig: Setting CVar [[r.DepthOfFieldQuality:2]]
[2020.02.04-02.04.01:166][  0]LogConfig: Setting CVar [[r.RenderTargetPoolMin:400]]
[2020.02.04-02.04.01:166][  0]LogConfig: Setting CVar [[r.LensFlareQuality:2]]
[2020.02.04-02.04.01:166][  0]LogConfig: Setting CVar [[r.SceneColorFringeQuality:1]]
[2020.02.04-02.04.01:166][  0]LogConfig: Setting CVar [[r.EyeAdaptationQuality:2]]
[2020.02.04-02.04.01:166][  0]LogConfig: Setting CVar [[r.BloomQuality:5]]
[2020.02.04-02.04.01:166][  0]LogConfig: Setting CVar [[r.FastBlurThreshold:100]]
[2020.02.04-02.04.01:166][  0]LogConfig: Setting CVar [[r.Upscale.Quality:3]]
[2020.02.04-02.04.01:166][  0]LogConfig: Setting CVar [[r.Tonemapper.GrainQuantization:1]]
[2020.02.04-02.04.01:166][  0]LogConfig: Setting CVar [[r.LightShaftQuality:1]]
[2020.02.04-02.04.01:166][  0]LogConfig: Setting CVar [[r.Filter.SizeScale:1]]
[2020.02.04-02.04.01:167][  0]LogConfig: Setting CVar [[r.Tonemapper.Quality:5]]
[2020.02.04-02.04.01:167][  0]LogConfig: Setting CVar [[r.DOF.Gather.AccumulatorQuality:1        ; higher gathering accumulator quality]]
[2020.02.04-02.04.01:167][  0]LogConfig: Setting CVar [[r.DOF.Gather.PostfilterMethod:1          ; Median3x3 postfilering method]]
[2020.02.04-02.04.01:167][  0]LogConfig: Setting CVar [[r.DOF.Gather.EnableBokehSettings:0       ; no bokeh simulation when gathering]]
[2020.02.04-02.04.01:167][  0]LogConfig: Setting CVar [[r.DOF.Gather.RingCount:4                 ; medium number of samples when gathering]]
[2020.02.04-02.04.01:167][  0]LogConfig: Setting CVar [[r.DOF.Scatter.ForegroundCompositing:1    ; additive foreground scattering]]
[2020.02.04-02.04.01:167][  0]LogConfig: Setting CVar [[r.DOF.Scatter.BackgroundCompositing:2    ; additive background scattering]]
[2020.02.04-02.04.01:167][  0]LogConfig: Setting CVar [[r.DOF.Scatter.EnableBokehSettings:1      ; bokeh simulation when scattering]]
[2020.02.04-02.04.01:167][  0]LogConfig: Setting CVar [[r.DOF.Scatter.MaxSpriteRatio:0.1         ; only a maximum of 10% of scattered bokeh]]
[2020.02.04-02.04.01:167][  0]LogConfig: Setting CVar [[r.DOF.Recombine.Quality:1                ; cheap slight out of focus]]
[2020.02.04-02.04.01:167][  0]LogConfig: Setting CVar [[r.DOF.Recombine.EnableBokehSettings:0    ; no bokeh simulation on slight out of focus]]
[2020.02.04-02.04.01:167][  0]LogConfig: Setting CVar [[r.DOF.TemporalAAQuality:1                ; more stable temporal accumulation]]
[2020.02.04-02.04.01:167][  0]LogConfig: Setting CVar [[r.DOF.Kernel.MaxForegroundRadius:0.025]]
[2020.02.04-02.04.01:167][  0]LogConfig: Setting CVar [[r.DOF.Kernel.MaxBackgroundRadius:0.025]]
[2020.02.04-02.04.01:167][  0]LogConfig: Applying CVar settings from Section [TextureQuality@3] File [E:/Documents/Unreal Projects/TempuraRun/Saved/Config/Windows/Scalability.ini]
[2020.02.04-02.04.01:167][  0]LogConfig: Setting CVar [[r.Streaming.MipBias:0]]
[2020.02.04-02.04.01:167][  0]LogConfig: Setting CVar [[r.Streaming.AmortizeCPUToGPUCopy:0]]
[2020.02.04-02.04.01:167][  0]LogConfig: Setting CVar [[r.Streaming.MaxNumTexturesToStreamPerFrame:0]]
[2020.02.04-02.04.01:167][  0]LogConfig: Setting CVar [[r.Streaming.Boost:1]]
[2020.02.04-02.04.01:167][  0]LogConfig: Setting CVar [[r.MaxAnisotropy:8]]
[2020.02.04-02.04.01:168][  0]LogConfig: Setting CVar [[r.Streaming.LimitPoolSizeToVRAM:0]]
[2020.02.04-02.04.01:168][  0]LogConfig: Setting CVar [[r.Streaming.PoolSize:1000]]
[2020.02.04-02.04.01:168][  0]LogConfig: Setting CVar [[r.Streaming.MaxEffectiveScreenSize:0]]
[2020.02.04-02.04.01:168][  0]LogConfig: Applying CVar settings from Section [EffectsQuality@3] File [E:/Documents/Unreal Projects/TempuraRun/Saved/Config/Windows/Scalability.ini]
[2020.02.04-02.04.01:168][  0]LogConfig: Setting CVar [[r.TranslucencyLightingVolumeDim:64]]
[2020.02.04-02.04.01:168][  0]LogConfig: Setting CVar [[r.RefractionQuality:2]]
[2020.02.04-02.04.01:168][  0]LogConfig: Setting CVar [[r.SSR.Quality:3]]
[2020.02.04-02.04.01:168][  0]LogConfig: Setting CVar [[r.SceneColorFormat:4]]
[2020.02.04-02.04.01:168][  0]LogConfig: Setting CVar [[r.DetailMode:2]]
[2020.02.04-02.04.01:168][  0]LogConfig: Setting CVar [[r.TranslucencyVolumeBlur:1]]
[2020.02.04-02.04.01:168][  0]LogConfig: Setting CVar [[r.MaterialQualityLevel:1 ; High quality]]
[2020.02.04-02.04.01:168][  0]LogConfig: Setting CVar [[r.SSS.Scale:1]]
[2020.02.04-02.04.01:168][  0]LogConfig: Setting CVar [[r.SSS.SampleSet:2]]
[2020.02.04-02.04.01:168][  0]LogConfig: Setting CVar [[r.SSS.Quality:1]]
[2020.02.04-02.04.01:168][  0]LogConfig: Setting CVar [[r.SSS.HalfRes:1]]
[2020.02.04-02.04.01:168][  0]LogConfig: Setting CVar [[r.EmitterSpawnRateScale:1.0]]
[2020.02.04-02.04.01:168][  0]LogConfig: Setting CVar [[r.ParticleLightQuality:2]]
[2020.02.04-02.04.01:168][  0]LogConfig: Applying CVar settings from Section [FoliageQuality@3] File [E:/Documents/Unreal Projects/TempuraRun/Saved/Config/Windows/Scalability.ini]
[2020.02.04-02.04.01:168][  0]LogConfig: Setting CVar [[foliage.DensityScale:1.0]]
[2020.02.04-02.04.01:169][  0]LogConfig: Setting CVar [[grass.DensityScale:1.0]]
[2020.02.04-02.04.01:169][  0]LogInit: Selected Device Profile: [Windows]
[2020.02.04-02.04.01:169][  0]LogInit: Applying CVar settings loaded from the selected device profile: [Windows]
[2020.02.04-02.04.01:171][  0]LogHAL: Display: Platform has ~ 16 GB [17083592704 / 17179869184 / 16], which maps to Larger [LargestMinGB=32, LargerMinGB=12, DefaultMinGB=8, SmallerMinGB=6, SmallestMinGB=0)
[2020.02.04-02.04.01:172][  0]LogInit: Going up to parent DeviceProfile []
[2020.02.04-02.04.01:172][  0]LogConfig: Applying CVar settings from Section [ViewDistanceQuality@3] File [E:/Documents/Unreal Projects/TempuraRun/Saved/Config/Windows/Scalability.ini]
[2020.02.04-02.04.01:172][  0]LogConfig: Setting CVar [[r.SkeletalMeshLODBias:0]]
[2020.02.04-02.04.01:172][  0]LogConfig: Setting CVar [[r.ViewDistanceScale:1.0]]
[2020.02.04-02.04.01:172][  0]LogConfig: Applying CVar settings from Section [AntiAliasingQuality@3] File [E:/Documents/Unreal Projects/TempuraRun/Saved/Config/Windows/Scalability.ini]
[2020.02.04-02.04.01:172][  0]LogConfig: Setting CVar [[r.PostProcessAAQuality:4]]
[2020.02.04-02.04.01:172][  0]LogConfig: Applying CVar settings from Section [ShadowQuality@3] File [E:/Documents/Unreal Projects/TempuraRun/Saved/Config/Windows/Scalability.ini]
[2020.02.04-02.04.01:172][  0]LogConfig: Setting CVar [[r.LightFunctionQuality:1]]
[2020.02.04-02.04.01:172][  0]LogConfig: Setting CVar [[r.ShadowQuality:5]]
[2020.02.04-02.04.01:172][  0]LogConfig: Setting CVar [[r.Shadow.CSM.MaxCascades:10]]
[2020.02.04-02.04.01:172][  0]LogConfig: Setting CVar [[r.Shadow.MaxResolution:2048]]
[2020.02.04-02.04.01:172][  0]LogConfig: Setting CVar [[r.Shadow.MaxCSMResolution:2048]]
[2020.02.04-02.04.01:172][  0]LogConfig: Setting CVar [[r.Shadow.RadiusThreshold:0.01]]
[2020.02.04-02.04.01:172][  0]LogConfig: Setting CVar [[r.Shadow.DistanceScale:1.0]]
[2020.02.04-02.04.01:172][  0]LogConfig: Setting CVar [[r.Shadow.CSM.TransitionScale:1.0]]
[2020.02.04-02.04.01:173][  0]LogConfig: Setting CVar [[r.Shadow.PreShadowResolutionFactor:1.0]]
[2020.02.04-02.04.01:173][  0]LogConfig: Setting CVar [[r.DistanceFieldShadowing:1]]
[2020.02.04-02.04.01:173][  0]LogConfig: Setting CVar [[r.DistanceFieldAO:1]]
[2020.02.04-02.04.01:173][  0]LogConfig: Setting CVar [[r.AOQuality:2]]
[2020.02.04-02.04.01:173][  0]LogConfig: Setting CVar [[r.VolumetricFog:1]]
[2020.02.04-02.04.01:173][  0]LogConfig: Setting CVar [[r.VolumetricFog.GridPixelSize:8]]
[2020.02.04-02.04.01:173][  0]LogConfig: Setting CVar [[r.VolumetricFog.GridSizeZ:128]]
[2020.02.04-02.04.01:173][  0]LogConfig: Setting CVar [[r.VolumetricFog.HistoryMissSupersampleCount:4]]
[2020.02.04-02.04.01:173][  0]LogConfig: Setting CVar [[r.LightMaxDrawDistanceScale:1]]
[2020.02.04-02.04.01:173][  0]LogConfig: Setting CVar [[r.CapsuleShadows:1]]
[2020.02.04-02.04.01:173][  0]LogConfig: Applying CVar settings from Section [PostProcessQuality@3] File [E:/Documents/Unreal Projects/TempuraRun/Saved/Config/Windows/Scalability.ini]
[2020.02.04-02.04.01:173][  0]LogConfig: Setting CVar [[r.MotionBlurQuality:4]]
[2020.02.04-02.04.01:173][  0]LogConfig: Setting CVar [[r.AmbientOcclusionMipLevelFactor:0.4]]
[2020.02.04-02.04.01:173][  0]LogConfig: Setting CVar [[r.AmbientOcclusionMaxQuality:100]]
[2020.02.04-02.04.01:173][  0]LogConfig: Setting CVar [[r.AmbientOcclusionLevels:-1]]
[2020.02.04-02.04.01:174][  0]LogConfig: Setting CVar [[r.AmbientOcclusionRadiusScale:1.0]]
[2020.02.04-02.04.01:174][  0]LogConfig: Setting CVar [[r.DepthOfFieldQuality:2]]
[2020.02.04-02.04.01:174][  0]LogConfig: Setting CVar [[r.RenderTargetPoolMin:400]]
[2020.02.04-02.04.01:174][  0]LogConfig: Setting CVar [[r.LensFlareQuality:2]]
[2020.02.04-02.04.01:174][  0]LogConfig: Setting CVar [[r.SceneColorFringeQuality:1]]
[2020.02.04-02.04.01:174][  0]LogConfig: Setting CVar [[r.EyeAdaptationQuality:2]]
[2020.02.04-02.04.01:174][  0]LogConfig: Setting CVar [[r.BloomQuality:5]]
[2020.02.04-02.04.01:174][  0]LogConfig: Setting CVar [[r.FastBlurThreshold:100]]
[2020.02.04-02.04.01:174][  0]LogConfig: Setting CVar [[r.Upscale.Quality:3]]
[2020.02.04-02.04.01:174][  0]LogConfig: Setting CVar [[r.Tonemapper.GrainQuantization:1]]
[2020.02.04-02.04.01:174][  0]LogConfig: Setting CVar [[r.LightShaftQuality:1]]
[2020.02.04-02.04.01:174][  0]LogConfig: Setting CVar [[r.Filter.SizeScale:1]]
[2020.02.04-02.04.01:174][  0]LogConfig: Setting CVar [[r.Tonemapper.Quality:5]]
[2020.02.04-02.04.01:174][  0]LogConfig: Setting CVar [[r.DOF.Gather.AccumulatorQuality:1        ; higher gathering accumulator quality]]
[2020.02.04-02.04.01:174][  0]LogConfig: Setting CVar [[r.DOF.Gather.PostfilterMethod:1          ; Median3x3 postfilering method]]
[2020.02.04-02.04.01:174][  0]LogConfig: Setting CVar [[r.DOF.Gather.EnableBokehSettings:0       ; no bokeh simulation when gathering]]
[2020.02.04-02.04.01:174][  0]LogConfig: Setting CVar [[r.DOF.Gather.RingCount:4                 ; medium number of samples when gathering]]
[2020.02.04-02.04.01:174][  0]LogConfig: Setting CVar [[r.DOF.Scatter.ForegroundCompositing:1    ; additive foreground scattering]]
[2020.02.04-02.04.01:174][  0]LogConfig: Setting CVar [[r.DOF.Scatter.BackgroundCompositing:2    ; additive background scattering]]
[2020.02.04-02.04.01:175][  0]LogConfig: Setting CVar [[r.DOF.Scatter.EnableBokehSettings:1      ; bokeh simulation when scattering]]
[2020.02.04-02.04.01:175][  0]LogConfig: Setting CVar [[r.DOF.Scatter.MaxSpriteRatio:0.1         ; only a maximum of 10% of scattered bokeh]]
[2020.02.04-02.04.01:175][  0]LogConfig: Setting CVar [[r.DOF.Recombine.Quality:1                ; cheap slight out of focus]]
[2020.02.04-02.04.01:175][  0]LogConfig: Setting CVar [[r.DOF.Recombine.EnableBokehSettings:0    ; no bokeh simulation on slight out of focus]]
[2020.02.04-02.04.01:175][  0]LogConfig: Setting CVar [[r.DOF.TemporalAAQuality:1                ; more stable temporal accumulation]]
[2020.02.04-02.04.01:175][  0]LogConfig: Setting CVar [[r.DOF.Kernel.MaxForegroundRadius:0.025]]
[2020.02.04-02.04.01:175][  0]LogConfig: Setting CVar [[r.DOF.Kernel.MaxBackgroundRadius:0.025]]
[2020.02.04-02.04.01:175][  0]LogConfig: Applying CVar settings from Section [TextureQuality@3] File [E:/Documents/Unreal Projects/TempuraRun/Saved/Config/Windows/Scalability.ini]
[2020.02.04-02.04.01:175][  0]LogConfig: Setting CVar [[r.Streaming.MipBias:0]]
[2020.02.04-02.04.01:175][  0]LogConfig: Setting CVar [[r.Streaming.AmortizeCPUToGPUCopy:0]]
[2020.02.04-02.04.01:175][  0]LogConfig: Setting CVar [[r.Streaming.MaxNumTexturesToStreamPerFrame:0]]
[2020.02.04-02.04.01:175][  0]LogConfig: Setting CVar [[r.Streaming.Boost:1]]
[2020.02.04-02.04.01:175][  0]LogConfig: Setting CVar [[r.MaxAnisotropy:8]]
[2020.02.04-02.04.01:175][  0]LogConfig: Setting CVar [[r.Streaming.LimitPoolSizeToVRAM:0]]
[2020.02.04-02.04.01:175][  0]LogConfig: Setting CVar [[r.Streaming.PoolSize:1000]]
[2020.02.04-02.04.01:175][  0]LogConfig: Setting CVar [[r.Streaming.MaxEffectiveScreenSize:0]]
[2020.02.04-02.04.01:176][  0]LogConfig: Applying CVar settings from Section [EffectsQuality@3] File [E:/Documents/Unreal Projects/TempuraRun/Saved/Config/Windows/Scalability.ini]
[2020.02.04-02.04.01:176][  0]LogConfig: Setting CVar [[r.TranslucencyLightingVolumeDim:64]]
[2020.02.04-02.04.01:176][  0]LogConfig: Setting CVar [[r.RefractionQuality:2]]
[2020.02.04-02.04.01:176][  0]LogConfig: Setting CVar [[r.SSR.Quality:3]]
[2020.02.04-02.04.01:176][  0]LogConfig: Setting CVar [[r.SceneColorFormat:4]]
[2020.02.04-02.04.01:176][  0]LogConfig: Setting CVar [[r.DetailMode:2]]
[2020.02.04-02.04.01:176][  0]LogConfig: Setting CVar [[r.TranslucencyVolumeBlur:1]]
[2020.02.04-02.04.01:176][  0]LogConfig: Setting CVar [[r.MaterialQualityLevel:1 ; High quality]]
[2020.02.04-02.04.01:176][  0]LogConfig: Setting CVar [[r.SSS.Scale:1]]
[2020.02.04-02.04.01:176][  0]LogConfig: Setting CVar [[r.SSS.SampleSet:2]]
[2020.02.04-02.04.01:176][  0]LogConfig: Setting CVar [[r.SSS.Quality:1]]
[2020.02.04-02.04.01:176][  0]LogConfig: Setting CVar [[r.SSS.HalfRes:1]]
[2020.02.04-02.04.01:176][  0]LogConfig: Setting CVar [[r.EmitterSpawnRateScale:1.0]]
[2020.02.04-02.04.01:176][  0]LogConfig: Setting CVar [[r.ParticleLightQuality:2]]
[2020.02.04-02.04.01:176][  0]LogConfig: Applying CVar settings from Section [FoliageQuality@3] File [E:/Documents/Unreal Projects/TempuraRun/Saved/Config/Windows/Scalability.ini]
[2020.02.04-02.04.01:176][  0]LogConfig: Setting CVar [[foliage.DensityScale:1.0]]
[2020.02.04-02.04.01:177][  0]LogConfig: Setting CVar [[grass.DensityScale:1.0]]
[2020.02.04-02.04.01:177][  0]LogConfig: Applying CVar settings from Section [Startup] File [../../../Engine/Config/ConsoleVariables.ini]
[2020.02.04-02.04.01:177][  0]LogConfig: Setting CVar [[net.UseAdaptiveNetUpdateFrequency:0]]
[2020.02.04-02.04.01:177][  0]LogConfig: Setting CVar [[p.chaos.AllowCreatePhysxBodies:1]]
[2020.02.04-02.04.01:177][  0]LogConfig: Applying CVar settings from Section [ConsoleVariables] File [E:/Documents/Unreal Projects/TempuraRun/Saved/Config/Windows/Engine.ini]
[2020.02.04-02.04.01:177][  0]LogInit: Computer: DESKTOP-RA581F2
[2020.02.04-02.04.01:177][  0]LogInit: User: WatanabeDaiki
[2020.02.04-02.04.01:178][  0]LogInit: CPU Page size=4096, Cores=4
[2020.02.04-02.04.01:178][  0]LogInit: High frequency timer resolution =10.000000 MHz
[2020.02.04-02.04.01:178][  0]LogMemory: Memory total: Physical=15.9GB (16GB approx)
[2020.02.04-02.04.01:178][  0]LogMemory: Platform Memory Stats for Windows
[2020.02.04-02.04.01:178][  0]LogMemory: Process Physical Memory: 100.65 MB used, 100.65 MB peak
[2020.02.04-02.04.01:178][  0]LogMemory: Process Virtual Memory: 88.62 MB used, 88.62 MB peak
[2020.02.04-02.04.01:178][  0]LogMemory: Physical Memory: 5595.78 MB used,  10696.40 MB free, 16292.18 MB total
[2020.02.04-02.04.01:178][  0]LogMemory: Virtual Memory: 4656.53 MB used,  134213072.00 MB free, 134217728.00 MB total
[2020.02.04-02.04.01:184][  0]LogWindows: WindowsPlatformFeatures enabled
[2020.02.04-02.04.01:391][  0]LogInit: Using OS detected language (ja-JP).
[2020.02.04-02.04.01:391][  0]LogInit: Using OS detected locale (ja-JP).
[2020.02.04-02.04.01:392][  0]LogTextLocalizationManager: No specific localization for 'ja-JP' exists, so the 'ja' localization will be used.
[2020.02.04-02.04.01:457][  0]LogInit: Setting process to per monitor DPI aware
[2020.02.04-02.04.01:533][  0]LogSlate: New Slate User Created.  User Index 0, Is Virtual User: 0
[2020.02.04-02.04.01:534][  0]LogSlate: Slate User Registered.  User Index 0, Is Virtual User: 0
[2020.02.04-02.04.01:703][  0]LogHMD: Failed to initialize OpenVR with code 110
[2020.02.04-02.04.01:703][  0]LogD3D11RHI: D3D11 adapters:
[2020.02.04-02.04.01:725][  0]LogD3D11RHI:    0. 'Intel(R) HD Graphics 4600' (Feature Level 11_0)
[2020.02.04-02.04.01:725][  0]LogD3D11RHI:       112/0/2048 MB DedicatedVideo/DedicatedSystem/SharedSystem, Outputs:2, VendorId:0x8086
[2020.02.04-02.04.01:733][  0]LogD3D11RHI:    1. 'Microsoft Basic Render Driver' (Feature Level 11_0)
[2020.02.04-02.04.01:733][  0]LogD3D11RHI:       0/0/8146 MB DedicatedVideo/DedicatedSystem/SharedSystem, Outputs:0, VendorId:0x1414
[2020.02.04-02.04.01:733][  0]LogD3D11RHI: Chosen D3D11 Adapter: 0
[2020.02.04-02.04.01:739][  0]LogD3D11RHI: Creating new Direct3DDevice
[2020.02.04-02.04.01:739][  0]LogD3D11RHI:     GPU DeviceId: 0x412 (for the marketing name, search the web for "GPU Device Id")
[2020.02.04-02.04.01:740][  0]LogWindows: EnumDisplayDevices:
[2020.02.04-02.04.01:740][  0]LogWindows:    0. 'Intel(R) HD Graphics 4600' (P:0 D:1)
[2020.02.04-02.04.01:740][  0]LogWindows:    1. 'Intel(R) HD Graphics 4600' (P:1 D:1)
[2020.02.04-02.04.01:741][  0]LogWindows:    2. 'Intel(R) HD Graphics 4600' (P:0 D:0)
[2020.02.04-02.04.01:741][  0]LogWindows: DebugString: FoundDriverCount:3 
[2020.02.04-02.04.01:741][  0]LogD3D11RHI:     Adapter Name: Intel(R) HD Graphics 4600
[2020.02.04-02.04.01:741][  0]LogD3D11RHI:   Driver Version: 20.19.15.4835 (internal:20.19.15.4835, unified:20.19.15.4835)
[2020.02.04-02.04.01:741][  0]LogD3D11RHI:      Driver Date: 10-16-2017
[2020.02.04-02.04.01:741][  0]LogRHI: Texture pool is 795 MB (70% of 1136 MB)
[2020.02.04-02.04.01:750][  0]LogD3D11RHI: Async texture creation enabled
[2020.02.04-02.04.01:754][  0]LogD3D11RHI: GPU Timing Frequency: 12.500000 (Debug: 2 0)
[2020.02.04-02.04.02:110][  0]LogTemp: Display: Module 'AllDesktopTargetPlatform' loaded TargetPlatform 'AllDesktop'
[2020.02.04-02.04.02:120][  0]LogTemp: Display: Module 'MacClientTargetPlatform' loaded TargetPlatform 'MacClient'
[2020.02.04-02.04.02:131][  0]LogTemp: Display: Module 'MacNoEditorTargetPlatform' loaded TargetPlatform 'MacNoEditor'
[2020.02.04-02.04.02:143][  0]LogTemp: Display: Module 'MacServerTargetPlatform' loaded TargetPlatform 'MacServer'
[2020.02.04-02.04.02:156][  0]LogTemp: Display: Module 'MacTargetPlatform' loaded TargetPlatform 'Mac'
[2020.02.04-02.04.02:167][  0]LogTemp: Display: Module 'WindowsClientTargetPlatform' loaded TargetPlatform 'WindowsClient'
[2020.02.04-02.04.02:178][  0]LogTemp: Display: Module 'WindowsNoEditorTargetPlatform' loaded TargetPlatform 'WindowsNoEditor'
[2020.02.04-02.04.02:190][  0]LogTemp: Display: Module 'WindowsServerTargetPlatform' loaded TargetPlatform 'WindowsServer'
[2020.02.04-02.04.02:197][  0]LogTemp: Display: Module 'WindowsTargetPlatform' loaded TargetPlatform 'Windows'
[2020.02.04-02.04.02:229][  0]LogTemp: Display: Module 'AndroidTargetPlatform' loaded TargetPlatform 'Android'
[2020.02.04-02.04.02:230][  0]LogTemp: Display: Module 'AndroidTargetPlatform' loaded TargetPlatform 'Android_ASTC'
[2020.02.04-02.04.02:230][  0]LogTemp: Display: Module 'AndroidTargetPlatform' loaded TargetPlatform 'Android_ATC'
[2020.02.04-02.04.02:230][  0]LogTemp: Display: Module 'AndroidTargetPlatform' loaded TargetPlatform 'Android_DXT'
[2020.02.04-02.04.02:230][  0]LogTemp: Display: Module 'AndroidTargetPlatform' loaded TargetPlatform 'Android_ETC1'
[2020.02.04-02.04.02:230][  0]LogTemp: Display: Module 'AndroidTargetPlatform' loaded TargetPlatform 'Android_ETC1a'
[2020.02.04-02.04.02:230][  0]LogTemp: Display: Module 'AndroidTargetPlatform' loaded TargetPlatform 'Android_ETC2'
[2020.02.04-02.04.02:230][  0]LogTemp: Display: Module 'AndroidTargetPlatform' loaded TargetPlatform 'Android_PVRTC'
[2020.02.04-02.04.02:230][  0]LogTemp: Display: Module 'AndroidTargetPlatform' loaded TargetPlatform 'AndroidClient'
[2020.02.04-02.04.02:231][  0]LogTemp: Display: Module 'AndroidTargetPlatform' loaded TargetPlatform 'Android_ASTCClient'
[2020.02.04-02.04.02:231][  0]LogTemp: Display: Module 'AndroidTargetPlatform' loaded TargetPlatform 'Android_ATCClient'
[2020.02.04-02.04.02:231][  0]LogTemp: Display: Module 'AndroidTargetPlatform' loaded TargetPlatform 'Android_DXTClient'
[2020.02.04-02.04.02:231][  0]LogTemp: Display: Module 'AndroidTargetPlatform' loaded TargetPlatform 'Android_ETC1Client'
[2020.02.04-02.04.02:231][  0]LogTemp: Display: Module 'AndroidTargetPlatform' loaded TargetPlatform 'Android_ETC1aClient'
[2020.02.04-02.04.02:231][  0]LogTemp: Display: Module 'AndroidTargetPlatform' loaded TargetPlatform 'Android_ETC2Client'
[2020.02.04-02.04.02:231][  0]LogTemp: Display: Module 'AndroidTargetPlatform' loaded TargetPlatform 'Android_PVRTCClient'
[2020.02.04-02.04.02:231][  0]LogTemp: Display: Module 'AndroidTargetPlatform' loaded TargetPlatform 'Android_Multi'
[2020.02.04-02.04.02:231][  0]LogTemp: Display: Module 'AndroidTargetPlatform' loaded TargetPlatform 'Android_MultiClient'
[2020.02.04-02.04.02:235][  0]LogTemp: Display: Module 'HTML5TargetPlatform' loaded TargetPlatform 'HTML5'
[2020.02.04-02.04.02:260][  0]LogTemp: Display: Module 'IOSTargetPlatform' loaded TargetPlatform 'IOSClient'
[2020.02.04-02.04.02:260][  0]LogTemp: Display: Module 'IOSTargetPlatform' loaded TargetPlatform 'IOS'
[2020.02.04-02.04.02:277][  0]LogTemp: Display: Module 'TVOSTargetPlatform' loaded TargetPlatform 'TVOSClient'
[2020.02.04-02.04.02:277][  0]LogTemp: Display: Module 'TVOSTargetPlatform' loaded TargetPlatform 'TVOS'
[2020.02.04-02.04.02:287][  0]LogTemp: Display: Module 'LinuxClientTargetPlatform' loaded TargetPlatform 'LinuxClient'
[2020.02.04-02.04.02:296][  0]LogTemp: Display: Module 'LinuxNoEditorTargetPlatform' loaded TargetPlatform 'LinuxNoEditor'
[2020.02.04-02.04.02:304][  0]LogTemp: Display: Module 'LinuxServerTargetPlatform' loaded TargetPlatform 'LinuxServer'
[2020.02.04-02.04.02:313][  0]LogTemp: Display: Module 'LinuxTargetPlatform' loaded TargetPlatform 'Linux'
[2020.02.04-02.04.02:340][  0]LogTemp: Display: Module 'LuminTargetPlatform' loaded TargetPlatform 'Lumin'
[2020.02.04-02.04.02:340][  0]LogTemp: Display: Module 'LuminTargetPlatform' loaded TargetPlatform 'LuminClient'
[2020.02.04-02.04.02:341][  0]LogTargetPlatformManager: Display: Building Assets For Windows
[2020.02.04-02.04.02:365][  0]LogAudioDebug: Display: Lib vorbis DLL was dynamically loaded.
[2020.02.04-02.04.02:461][  0]LogShaderCompilers: Guid format shader working directory is 15 characters bigger than the processId version (E:/Documents/Unreal Projects/TempuraRun/Intermediate/Shaders/WorkingDirectory/11040/).
[2020.02.04-02.04.02:462][  0]LogShaderCompilers: Cleaned the shader compiler working directory 'C:/Users/Watanabe Daiki/AppData/Local/Temp/UnrealShaderWorkingDir/B4E35DC24189409B73DA5C9C551ECDCD/'.
[2020.02.04-02.04.02:465][  0]LogXGEController: Cleaning working directory: C:/Users/Watanabe Daiki/AppData/Local/Temp/UnrealXGEWorkingDir/
[2020.02.04-02.04.02:465][  0]LogXGEController: Cannot use XGE Controller as Incredibuild is not installed on this machine.
[2020.02.04-02.04.02:465][  0]LogShaderCompilers: Cannot use XGE Shader Compiler as Incredibuild is not installed on this machine.
[2020.02.04-02.04.02:465][  0]LogShaderCompilers: Display: Using Local Shader Compiler.
[2020.02.04-02.04.03:075][  0]LogDerivedDataCache: Display: Max Cache Size: 512 MB
[2020.02.04-02.04.03:126][  0]LogDerivedDataCache: Loaded boot cache 0.05s 73MB C:/Users/Watanabe Daiki/AppData/Local/UnrealEngine/4.23/DerivedDataCache/Boot.ddc.
[2020.02.04-02.04.03:126][  0]LogDerivedDataCache: Display: Loaded Boot cache: C:/Users/Watanabe Daiki/AppData/Local/UnrealEngine/4.23/DerivedDataCache/Boot.ddc
[2020.02.04-02.04.03:126][  0]LogDerivedDataCache: FDerivedDataBackendGraph:  Pak pak cache file E:/Documents/Unreal Projects/TempuraRun/DerivedDataCache/DDC.ddp not found, will not use a pak cache.
[2020.02.04-02.04.03:126][  0]LogDerivedDataCache: Unable to find inner node Pak for hierarchical cache Hierarchy.
[2020.02.04-02.04.03:127][  0]LogDerivedDataCache: FDerivedDataBackendGraph:  CompressedPak pak cache file E:/Documents/Unreal Projects/TempuraRun/DerivedDataCache/Compressed.ddp not found, will not use a pak cache.
[2020.02.04-02.04.03:127][  0]LogDerivedDataCache: Unable to find inner node CompressedPak for hierarchical cache Hierarchy.
[2020.02.04-02.04.03:137][  0]LogDerivedDataCache: Display: Pak cache opened for reading ../../../Engine/DerivedDataCache/Compressed.ddp.
[2020.02.04-02.04.03:137][  0]LogDerivedDataCache: FDerivedDataBackendGraph:  EnterprisePak pak cache file ../../../Enterprise/DerivedDataCache/Compressed.ddp not found, will not use a pak cache.
[2020.02.04-02.04.03:138][  0]LogDerivedDataCache: Unable to find inner node EnterprisePak for hierarchical cache Hierarchy.
[2020.02.04-02.04.03:140][  0]LogDerivedDataCache: Using Local data cache path C:/Users/Watanabe Daiki/AppData/Local/UnrealEngine/Common/DerivedDataCache: Writable
[2020.02.04-02.04.03:140][  0]LogDerivedDataCache: Shared data cache path not found in *engine.ini, will not use an Shared cache.
[2020.02.04-02.04.03:140][  0]LogDerivedDataCache: Unable to find inner node Shared for hierarchical cache Hierarchy.
[2020.02.04-02.04.03:162][  0]LogMaterial: Verifying Global Shaders for PCD3D_SM5
[2020.02.04-02.04.03:165][  0]LogSlate: Using FreeType 2.6.0
[2020.02.04-02.04.03:166][  0]LogSlate: SlateFontServices - WITH_FREETYPE: 1, WITH_HARFBUZZ: 1
[2020.02.04-02.04.03:223][  0]LogAssetRegistry: FAssetRegistry took 0.0044 seconds to start up
[2020.02.04-02.04.03:487][  0]LogInit: Selected Device Profile: [Windows]
[2020.02.04-02.04.03:655][  0]LogMeshReduction: Using QuadricMeshReduction for automatic static mesh reduction
[2020.02.04-02.04.03:655][  0]LogMeshReduction: Using SimplygonMeshReduction for automatic skeletal mesh reduction
[2020.02.04-02.04.03:655][  0]LogMeshReduction: Using ProxyLODMeshReduction for automatic mesh merging
[2020.02.04-02.04.03:655][  0]LogMeshReduction: No distributed automatic mesh merging module available
[2020.02.04-02.04.03:655][  0]LogMeshMerging: No distributed automatic mesh merging module available
[2020.02.04-02.04.03:665][  0]LogNetVersion: TempuraRun 1.0.0, NetCL: 8386587, EngineNetVer: 11, GameNetVer: 0 (Checksum: 1672533906)
[2020.02.04-02.04.04:049][  0]LogPackageLocalizationCache: Processed 12 localized package path(s) for 1 prioritized culture(s) in 0.045394 seconds
[2020.02.04-02.04.04:056][  0]LogUObjectArray: 43444 objects as part of root set at end of initial load.
[2020.02.04-02.04.04:056][  0]LogUObjectAllocator: 7548648 out of 0 bytes used by permanent object pool.
[2020.02.04-02.04.04:056][  0]LogUObjectArray: CloseDisregardForGC: 0/0 objects in disregard for GC pool
[2020.02.04-02.04.05:037][  0]LogTcpMessaging: Initializing TcpMessaging bridge
[2020.02.04-02.04.05:044][  0]LogUdpMessaging: Initializing bridge on interface 0.0.0.0:0 to multicast group 230.0.0.1:6666.
[2020.02.04-02.04.05:170][  0]SourceControl: ソースコントロールは無効です
[2020.02.04-02.04.05:170][  0]SourceControl: ソースコントロールは無効です
[2020.02.04-02.04.05:173][  0]SourceControl: ソースコントロールは無効です
[2020.02.04-02.04.05:176][  0]SourceControl: ソースコントロールは無効です
[2020.02.04-02.04.05:330][  0]LogAndroidPermission: UAndroidPermissionCallbackProxy::GetInstance
[2020.02.04-02.04.05:468][  0]LogOcInput: OculusInput pre-init called
[2020.02.04-02.04.05:479][  0]LogWindows: Failed to load 'OVRPlugin.dll' (GetLastError=126)
[2020.02.04-02.04.05:479][  0]LogWindows: File 'OVRPlugin.dll' does not exist
[2020.02.04-02.04.05:565][  0]LogEngine: Initializing Engine...
[2020.02.04-02.04.05:566][  0]LogHMD: Failed to initialize OpenVR with code 110
[2020.02.04-02.04.05:568][  0]LogStats: UGameplayTagsManager::InitializeManager -  0.000 s
[2020.02.04-02.04.05:783][  0]LogInit: Initializing FReadOnlyCVARCache
[2020.02.04-02.04.05:804][  0]LogAIModule: Creating AISystem for world Untitled
[2020.02.04-02.04.05:812][  0]LogInit: XAudio2 using 'スピーカー / ヘッドホン (Realtek High Definition Audio)' : 2 channels at 48 kHz using 32 bits per sample (channel mask 0x3)
[2020.02.04-02.04.05:842][  0]LogInit: FAudioDevice initialized.
[2020.02.04-02.04.05:843][  0]LogNetVersion: Set ProjectVersion to 1.0.0.0. Version Checksum will be recalculated on next use.
[2020.02.04-02.04.05:950][  0]LogDerivedDataCache: Saved boot cache 0.11s 73MB C:/Users/Watanabe Daiki/AppData/Local/UnrealEngine/4.23/DerivedDataCache/Boot.ddc.
[2020.02.04-02.04.05:963][  0]LogInit: Texture streaming: Enabled
[2020.02.04-02.04.06:033][  0]LogEngineSessionManager: EngineSessionManager initialized
[2020.02.04-02.04.06:033][  0]LogEngineSessionManager: EngineSessionManager sent abnormal shutdown report. Type=Debugger, SessionId={8ECC0E1C-42F4-FF9F-B4A6-D29569B6D5FA}
[2020.02.04-02.04.06:034][  0]LogEngineSessionManager: EngineSessionManager sent abnormal shutdown report. Type=Debugger, SessionId={4194B6F9-4128-4AF5-B565-9E910D687DE8}
[2020.02.04-02.04.06:034][  0]LogEngineSessionManager: EngineSessionManager sent abnormal shutdown report. Type=Debugger, SessionId={A2AC6652-4800-517C-CAD7-A783E6581D96}
[2020.02.04-02.04.06:034][  0]LogEditorSessionSummary: Verbose: Initializing EditorSessionSummaryWriter for editor session tracking
[2020.02.04-02.04.06:035][  0]LogEditorSessionSummary: EditorSessionSummaryWriter initialized
[2020.02.04-02.04.06:216][  0]LogInit: Transaction tracking system initialized
[2020.02.04-02.04.06:305][  0]BlueprintLog: New page: エディタの読み込み
[2020.02.04-02.04.06:430][  0]LocalizationService: ローカライズのサービスが無効になりました
[2020.02.04-02.04.06:706][  0]LogFileCache: Scanning file cache for directory 'E:/Documents/Unreal Projects/TempuraRun/Content/' took 0.00s
[2020.02.04-02.04.06:706][  0]LogCook: Display: Max memory allowance for cook 16384mb min free memory 0mb
[2020.02.04-02.04.06:706][  0]LogCook: Display: Mobile HDR setting 1
[2020.02.04-02.04.06:970][  0]SourceControl: ソースコントロールは無効です
[2020.02.04-02.04.06:971][  0]Cmd: MAP LOAD FILE="E:/Documents/Unreal Projects/TempuraRun/Content/ThirdPersonBP/Maps/ThirdPersonExampleMap.umap" TEMPLATE=0 SHOWPROGRESS=1 FEATURELEVEL=3
[2020.02.04-02.04.06:971][  0]LightingResults: New page: ライティングのビルド
[2020.02.04-02.04.06:974][  0]LogWorld: UWorld::CleanupWorld for Untitled, bSessionEnded=true, bCleanupResources=true
[2020.02.04-02.04.06:974][  0]MapCheck: New page: マップをチェック
[2020.02.04-02.04.06:974][  0]LightingResults: New page: <何も選択されていません>
[2020.02.04-02.04.07:000][  0]LogUObjectHash: Compacting FUObjectHashTables data took   1.92ms
[2020.02.04-02.04.07:231][  0]LogAIModule: Creating AISystem for world ThirdPersonExampleMap
[2020.02.04-02.04.07:238][  0]LogEditorServer: Finished looking for orphan Actors (0.000 secs)
[2020.02.04-02.04.07:286][  0]LogUObjectHash: Compacting FUObjectHashTables data took   2.66ms
[2020.02.04-02.04.07:286][  0]Cmd: MAP CHECKDEP NOCLEARLOG
[2020.02.04-02.04.07:287][  0]MapCheck: マップチェックが完了: 0 エラー、 0 警告、完了に 0.159ミリ秒かかりました。
[2020.02.04-02.04.07:287][  0]LogFileHelpers: Loading map 'ThirdPersonExampleMap' took 0.316
[2020.02.04-02.04.07:418][  0]LogSlate: Updating window title bar state: overlay mode, drag disabled, window buttons hidden, title bar hidden
[2020.02.04-02.04.07:424][  0]LogSlate: Updating window title bar state: overlay mode, drag disabled, window buttons hidden, title bar hidden
[2020.02.04-02.04.07:431][  0]LogSlate: Updating window title bar state: overlay mode, drag disabled, window buttons hidden, title bar hidden
[2020.02.04-02.04.07:438][  0]LogSlate: Updating window title bar state: overlay mode, drag disabled, window buttons hidden, title bar hidden
[2020.02.04-02.04.07:448][  0]LogCollectionManager: Loaded 0 collections in 0.003316 seconds
[2020.02.04-02.04.07:456][  0]LogFileCache: Scanning file cache for directory 'E:/Documents/Unreal Projects/TempuraRun/Saved/Collections/' took 0.00s
[2020.02.04-02.04.07:456][  0]LogFileCache: Scanning file cache for directory 'E:/Documents/Unreal Projects/TempuraRun/Content/Developers/WatanabeDaiki/Collections/' took 0.00s
[2020.02.04-02.04.07:456][  0]LogFileCache: Scanning file cache for directory 'E:/Documents/Unreal Projects/TempuraRun/Content/Collections/' took 0.00s
[2020.02.04-02.04.07:456][  0]LogCollectionManager: Rebuilt the GUID cache for 0 collections in 0.000001 seconds
[2020.02.04-02.04.07:465][  0]LogContentBrowser: Native class hierarchy populated in 0.0086 seconds. Added 2865 classes and 682 folders.
[2020.02.04-02.04.07:472][  0]LogContentBrowser: Native class hierarchy updated for 'WidgetCarousel' in 0.0003 seconds. Added 0 classes and 0 folders.
[2020.02.04-02.04.07:511][  0]LogContentBrowser: Native class hierarchy updated for 'AddContentDialog' in 0.0003 seconds. Added 0 classes and 0 folders.
[2020.02.04-02.04.07:520][  0]LogContentBrowser: Native class hierarchy updated for 'SceneOutliner' in 0.0004 seconds. Added 1 classes and 2 folders.
[2020.02.04-02.04.07:533][  0]LogSlate: Took 0.000140 seconds to synchronously load lazily loaded font '../../../Engine/Content/Slate/Fonts/Roboto-Regular.ttf' (155K)
[2020.02.04-02.04.07:535][  0]LogSlate: Took 0.000415 seconds to synchronously load lazily loaded font '../../../Engine/Content/Editor/Slate/Fonts/GenEiGothicPro-Regular.otf' (707K)
[2020.02.04-02.04.07:536][  0]LogSlate: Took 0.000323 seconds to synchronously load lazily loaded font '../../../Engine/Content/Editor/Slate/Fonts/GenEiGothicPro-Bold.otf' (698K)
[2020.02.04-02.04.07:536][  0]LogSlate: Took 0.000177 seconds to synchronously load lazily loaded font '../../../Engine/Content/Slate/Fonts/Roboto-Bold.ttf' (160K)
[2020.02.04-02.04.07:540][  0]LogSlate: Took 0.000234 seconds to synchronously load lazily loaded font '../../../Engine/Content/Editor/Slate/Fonts/FontAwesome.ttf' (139K)
[2020.02.04-02.04.07:603][  0]LogRenderer: Reallocating scene render targets to support 1208x572 Format 10 NumSamples 1 (Frame:1).
[2020.02.04-02.04.07:976][  0]LogContentBrowser: Native class hierarchy updated for 'HierarchicalLODOutliner' in 0.0005 seconds. Added 0 classes and 0 folders.
[2020.02.04-02.04.07:976][  0]LogLoad: (Engine Initialization) Total time: 8.17 seconds
[2020.02.04-02.04.07:976][  0]LogLoad: (Engine Initialization) Total Blueprint compile time: 0.00 seconds
[2020.02.04-02.04.08:531][  0]LogAssetRegistry: Asset discovery search completed in 5.3105 seconds
[2020.02.04-02.04.08:536][  0]LogCollectionManager: Rebuilt the object cache for 0 collections in 0.000004 seconds (found 0 objects)
[2020.02.04-02.04.08:536][  0]LogCollectionManager: Fixed up redirectors for 0 collections in 0.000287 seconds (updated 0 objects)
[2020.02.04-02.04.08:538][  0]LogContentStreaming: Texture pool size now 1000 MB
[2020.02.04-02.04.08:553][  0]LogSlate: Took 0.000156 seconds to synchronously load lazily loaded font '../../../Engine/Content/Slate/Fonts/Roboto-Light.ttf' (167K)
[2020.02.04-02.04.20:125][249]LogSlate: FSceneViewport::OnFocusLost() reason 0
[2020.02.04-02.04.20:349][251]Candidate modules for hot reload:
[2020.02.04-02.04.20:349][251]  TempuraRun
[2020.02.04-02.04.20:349][251]Launching UnrealBuildTool... [C:/Program Files/Epic Games/UE_4.23/Engine/Binaries/DotNET/UnrealBuildTool.exe  -ModuleWithSuffix=TempuraRun,6427 Win64 Development -TargetType=Editor -Project="E:/Documents/Unreal Projects/TempuraRun/TempuraRun.uproject" "E:/Documents/Unreal Projects/TempuraRun/TempuraRun.uproject"  -IgnoreJunk]
[2020.02.04-02.04.20:380][251]Warning: Starting HotReload took  0.2s.
[2020.02.04-02.04.34:239][604]LogSlate: Took 0.000241 seconds to synchronously load lazily loaded font '../../../Engine/Content/Slate/Fonts/DroidSansMono.ttf' (77K)
[2020.02.04-02.04.34:287][604]LogSlate: Took 0.000842 seconds to synchronously load lazily loaded font '../../../Engine/Content/Editor/Slate/Fonts/GenEiGothicPro-SemiBold.otf' (703K)
[2020.02.04-02.04.34:288][604]LogSlate: Took 0.000839 seconds to synchronously load lazily loaded font '../../../Engine/Content/Editor/Slate/Fonts/GenEiGothicPro-Heavy.otf' (704K)
[2020.02.04-02.04.34:289][604]LogSlate: Took 0.000378 seconds to synchronously load lazily loaded font '../../../Engine/Content/Editor/Slate/Fonts/GenEiGothicPro-Light.otf' (713K)
[2020.02.04-02.04.35:233][625]CompilerResultsLog: New page: コンパイル - 2020/02/04 20:04:35
[2020.02.04-02.04.35:234][625]CompilerResultsLog: Parsing headers for TempuraRunEditor
[2020.02.04-02.04.35:234][625]CompilerResultsLog:   Running UnrealHeaderTool "E:\Documents\Unreal Projects\TempuraRun\TempuraRun.uproject" "E:\Documents\Unreal Projects\TempuraRun\Intermediate\Build\Win64\TempuraRunEditor\Development\TempuraRunEditor.uhtmanifest" -LogCmds="loginit warning, logexit warning, logdatabase error" -Unattended -WarningsAsErrors -installed
[2020.02.04-02.04.35:235][625]CompilerResultsLog: Reflection code generated for TempuraRunEditor in 9.4102979 seconds
[2020.02.04-02.04.35:236][625]CompilerResultsLog: Failed to delete file 'E:\Documents\Unreal Projects\TempuraRun\Binaries\Win64\UE4Editor-TempuraRun.pdb'
[2020.02.04-02.04.35:237][625]CompilerResultsLog:     Exception: ?p?X 'E:\Documents\Unreal Projects\TempuraRun\Binaries\Win64\UE4Editor-TempuraRun.pdb' ?ւ̃A?N?Z?X?????ۂ????܂????B
[2020.02.04-02.04.35:239][625]LogSlate: Took 0.002149 seconds to synchronously load lazily loaded font '../../../Engine/Content/Slate/Fonts/DroidSansFallback.ttf' (3848K)
[2020.02.04-02.04.35:240][625]LogSlate: Last resort fallback font was requested. Font: '../../../Engine/Content/Slate/Fonts/DroidSansFallback.ttf', Character: 'ւ (U+0582)'
[2020.02.04-02.04.35:250][625]LogSlate: Took 0.007213 seconds to synchronously load lazily loaded font '../../../Engine/Content/SlateDebug/Fonts/LastResort.ttf' (5269K)
[2020.02.04-02.04.35:251][625]LogSlate: Took 0.000249 seconds to synchronously load lazily loaded font '../../../Engine/Content/Slate/Fonts/NotoNaskhArabicUI-Regular.ttf' (144K)
[2020.02.04-02.04.35:253][625]CompilerResultsLog: Attempting to retry...
[2020.02.04-02.04.35:254][625]CompilerResultsLog: Failed to delete file 'E:\Documents\Unreal Projects\TempuraRun\Binaries\Win64\UE4Editor-TempuraRun.pdb'
[2020.02.04-02.04.35:254][625]CompilerResultsLog:     Exception: ?p?X 'E:\Documents\Unreal Projects\TempuraRun\Binaries\Win64\UE4Editor-TempuraRun.pdb' ?ւ̃A?N?Z?X?????ۂ????܂????B
[2020.02.04-02.04.35:255][625]CompilerResultsLog: Attempting to retry...
[2020.02.04-02.04.35:256][625]CompilerResultsLog: Failed to delete file 'E:\Documents\Unreal Projects\TempuraRun\Binaries\Win64\UE4Editor-TempuraRun.pdb'
[2020.02.04-02.04.35:256][625]CompilerResultsLog:     Exception: ?p?X 'E:\Documents\Unreal Projects\TempuraRun\Binaries\Win64\UE4Editor-TempuraRun.pdb' ?ւ̃A?N?Z?X?????ۂ????܂????B
[2020.02.04-02.04.35:257][625]CompilerResultsLog: ERROR: Exhausted all retries!
[2020.02.04-02.04.35:258][625]CompilerResultsLog: Using Visual Studio 2019 14.23.28105 toolchain (C:\Program Files (x86)\Microsoft Visual Studio\2019\Community\VC\Tools\MSVC\14.23.28105) and Windows 10.0.18362.0 SDK (C:\Program Files (x86)\Windows Kits\10).
[2020.02.04-02.04.35:258][625]CompilerResultsLog: Building 3 actions with 8 processes...
[2020.02.04-02.04.35:259][625]CompilerResultsLog:   [1/3] UE4Editor-TempuraRun-6427.lib
[2020.02.04-02.04.35:259][625]CompilerResultsLog:      ???C?u???? E:\Documents\Unreal Projects\TempuraRun\Intermediate\Build\Win64\UE4Editor\Development\TempuraRun\UE4Editor-TempuraRun-6427.lib ?ƃI?u?W?F?N?g E:\Documents\Unreal Projects\TempuraRun\Intermediate\Build\Win64\UE4Editor\Development\TempuraRun\UE4Editor-TempuraRun-6427.exp ???쐬??
[2020.02.04-02.04.35:260][625]CompilerResultsLog:   [2/3] UE4Editor-TempuraRun-6427.dll
[2020.02.04-02.04.35:260][625]CompilerResultsLog:      ???C?u???? E:\Documents\Unreal Projects\TempuraRun\Intermediate\Build\Win64\UE4Editor\Development\TempuraRun\UE4Editor-TempuraRun-6427.suppressed.lib ?ƃI?u?W?F?N?g E:\Documents\Unreal Projects\TempuraRun\Intermediate\Build\Win64\UE4Editor\Development\TempuraRun\UE4Editor-TempuraRun-6427.suppressed.exp ???쐬??
[2020.02.04-02.04.35:261][625]CompilerResultsLog:   [3/3] TempuraRunEditor.target
[2020.02.04-02.04.35:261][625]CompilerResultsLog: Total time in Parallel executor: 1.66 seconds
[2020.02.04-02.04.35:261][625]CompilerResultsLog: Total execution time: 14.71 seconds
[2020.02.04-02.04.35:262][625]LogMainFrame: MainFrame: Module compiling took 14.917 seconds
[2020.02.04-02.04.35:296][625]LogUObjectHash: Compacting FUObjectHashTables data took   1.73ms
[2020.02.04-02.04.35:356][625]LogContentBrowser: Native class hierarchy updated for 'TempuraRun' in 0.0004 seconds. Added 2 classes and 2 folders.
[2020.02.04-02.04.35:358][625]Display: HotReload successful (5 functions remapped  0 scriptstructs remapped)
[2020.02.04-02.04.35:430][625]LogUObjectHash: Compacting FUObjectHashTables data took   1.52ms
[2020.02.04-02.04.35:447][625]LogContentBrowser: Native class hierarchy populated in 0.0089 seconds. Added 2866 classes and 684 folders.
[2020.02.04-02.04.35:448][625]Display: HotReload took 15.2s.
[2020.02.04-02.04.41:261][752]MapCheck: New page: マップをチェック
[2020.02.04-02.04.41:283][752]Cmd: MAP REBUILD ALLVISIBLE
[2020.02.04-02.04.41:284][752]LogEditorServer: Rebuildmap Clear paths rebuilt
[2020.02.04-02.04.41:296][752]LogWorld: UWorld::CleanupWorld for ThirdPersonExampleMap, bSessionEnded=true, bCleanupResources=false
[2020.02.04-02.04.41:352][752]LogUObjectHash: Compacting FUObjectHashTables data took   1.83ms
[2020.02.04-02.04.41:398][752]LogMaterial: Display: Missing cached shader map for material DebugViewMode MaterialTexCoordScale, compiling. 
[2020.02.04-02.04.41:409][752]LogMaterial: Display: Missing cached shader map for material DebugViewMode MaterialTexCoordScale, compiling. 
[2020.02.04-02.04.41:418][752]LogShaderCompilers: Display: Worker (1/5): shaders left to compile 4
[2020.02.04-02.04.41:419][752]LogShaderCompilers: Display: Worker (2/5): shaders left to compile 3
[2020.02.04-02.04.41:419][752]LogShaderCompilers: Display: Worker (3/5): shaders left to compile 2
[2020.02.04-02.04.41:419][752]LogShaderCompilers: Display: Worker (4/5): shaders left to compile 1
[2020.02.04-02.04.41:419][752]LogMaterial: Display: Missing cached shader map for material DebugViewMode MaterialTexCoordScale, compiling. 
[2020.02.04-02.04.41:428][752]LogMaterial: Display: Missing cached shader map for material DebugViewMode MaterialTexCoordScale, compiling. 
[2020.02.04-02.04.41:437][752]LogMaterial: Display: Missing cached shader map for material DebugViewMode MaterialTexCoordScale, compiling. 
[2020.02.04-02.04.41:446][752]LogMaterial: Display: Missing cached shader map for material DebugViewMode MaterialTexCoordScale, compiling. 
[2020.02.04-02.04.41:458][752]LogMaterial: Display: Missing cached shader map for material DebugViewMode MaterialTexCoordScale, compiling. 
[2020.02.04-02.04.41:468][752]LogMaterial: Display: Missing cached shader map for material DebugViewMode MaterialTexCoordScale, compiling. 
[2020.02.04-02.04.43:102][752]LogShaderCompilers: Display: Worker (3/5): shaders left to compile 12
[2020.02.04-02.04.43:103][752]LogShaderCompilers: Display: Worker (2/5): shaders left to compile 11
[2020.02.04-02.04.43:103][752]LogShaderCompilers: Display: Worker (4/5): shaders left to compile 10
[2020.02.04-02.04.43:103][752]LogShaderCompilers: Display: Worker (1/5): shaders left to compile 9
[2020.02.04-02.04.43:104][752]LogShaderCompilers: Display: Worker (3/5): shaders left to compile 8
[2020.02.04-02.04.43:104][752]LogShaderCompilers: Display: Worker (4/5): shaders left to compile 7
[2020.02.04-02.04.43:105][752]LogShaderCompilers: Display: Worker (2/5): shaders left to compile 6
[2020.02.04-02.04.43:105][752]LogShaderCompilers: Display: Worker (3/5): shaders left to compile 5
[2020.02.04-02.04.43:105][752]LogShaderCompilers: Display: Worker (1/5): shaders left to compile 4
[2020.02.04-02.04.43:105][752]LogShaderCompilers: Display: Worker (4/5): shaders left to compile 3
[2020.02.04-02.04.43:106][752]LogShaderCompilers: Display: Worker (3/5): shaders left to compile 2
[2020.02.04-02.04.43:106][752]LogShaderCompilers: Display: Worker (1/5): shaders left to compile 1
[2020.02.04-02.04.43:106][752]TextureStreamingBuild: Display: Compiling optional shaders took 1.712 seconds.
[2020.02.04-02.04.43:139][752]LogLevel: Display: Export Material TexCoord Scales took 0.033 seconds.
[2020.02.04-02.04.43:160][752]TextureStreamingBuild: Display: Build Texture Streaming took 0.020 seconds.
[2020.02.04-02.04.43:184][752]LogUObjectHash: Compacting FUObjectHashTables data took   0.69ms
[2020.02.04-02.04.43:189][752]LogEditorBuildUtils: Build time 0:01
[2020.02.04-02.04.47:286][997]LogSlate: Took 0.000157 seconds to synchronously load lazily loaded font '../../../Engine/Content/Slate/Fonts/Roboto-Light.ttf' (167K)
[2020.02.04-02.04.59:293][997]LogSlate: Window '親クラスを選択' being destroyed
[2020.02.04-02.05.06:085][997]LogSlate: Window '空のブループリントクラスを作成' being destroyed
[2020.02.04-02.05.06:108][997]LogAssetEditorManager: Opening Asset editor for Blueprint /Game/Blueprints/NewBlueprint.NewBlueprint
[2020.02.04-02.05.06:358][997]LogContentBrowser: Native class hierarchy updated for 'BlueprintGraph' in 0.0007 seconds. Added 121 classes and 0 folders.
[2020.02.04-02.05.07:995][  7]LogEditorSessionSummary: EditorSessionSummary sent report. Type=Debugger, SessionId={8ECC0E1C-42F4-FF9F-B4A6-D29569B6D5FA}
[2020.02.04-02.05.07:997][  7]LogEditorSessionSummary: EditorSessionSummary sent report. Type=Debugger, SessionId={4194B6F9-4128-4AF5-B565-9E910D687DE8}
[2020.02.04-02.05.09:096][ 22]LogSlate: Took 0.000567 seconds to synchronously load lazily loaded font '../../../Engine/Content/Slate/Fonts/Roboto-BoldCondensed.ttf' (158K)
[2020.02.04-02.05.18:150][613]LogSlate: Took 0.027267 seconds to synchronously load lazily loaded font '../../../Engine/Content/Slate/Fonts/Roboto-Italic.ttf' (157K)
[2020.02.04-02.06.07:996][823]LogEditorSessionSummary: EditorSessionSummary sent report. Type=Debugger, SessionId={A2AC6652-4800-517C-CAD7-A783E6581D96}
[2020.02.04-02.06.56:245][ 14]BlueprintLog: New page: NewBlueprint をコンパイル
[2020.02.04-02.06.56:250][ 14]LogBlueprint: Error: [Compiler NewBlueprint] Event node  イベント Tick  registers net  Delta Seconds  in a non-event graph.
[2020.02.04-02.06.56:250][ 14]LogBlueprint: Error: [Compiler NewBlueprint] Event node  イベント Tick  registers net  Delta Seconds  in a non-event graph.
[2020.02.04-02.06.56:467][ 14]LogUObjectHash: Compacting FUObjectHashTables data took   4.32ms
[2020.02.04-02.09.45:137][773]BlueprintLog: New page: NewBlueprint をコンパイル
[2020.02.04-02.09.45:141][773]LogBlueprint: Error: [Compiler NewBlueprint] Event node  イベント Tick  registers net  Delta Seconds  in a non-event graph.
[2020.02.04-02.09.45:143][773]LogBlueprint: Error: [Compiler NewBlueprint] Event node  イベント Tick  registers net  Delta Seconds  in a non-event graph.
[2020.02.04-02.09.45:322][773]LogUObjectHash: Compacting FUObjectHashTables data took   3.99ms
[2020.02.04-02.14.30:743][436]LogUObjectHash: Compacting FUObjectHashTables data took   3.95ms
[2020.02.04-02.14.30:959][436]LogSavePackage: Moving 'E:/Documents/Unreal Projects/TempuraRun/Saved/ThirdPersonExampleMap_Auto1CBBE1AEE4AFD20D1FC8F00975EC72DA3.tmp' to 'E:/Documents/Unreal Projects/TempuraRun/Saved/Autosaves/Game/ThirdPersonBP/Maps/ThirdPersonExampleMap_Auto1.umap'
[2020.02.04-02.14.30:972][436]LogFileHelpers: Editor autosave (incl. sublevels) for '/Game/ThirdPersonBP/Maps/ThirdPersonExampleMap' took 0.264
[2020.02.04-02.14.30:973][436]LogFileHelpers: Editor autosave (incl. sublevels) for all levels took 0.264
[2020.02.04-02.14.30:978][436]OBJ SavePackage: Generating thumbnails for [0] asset(s) in package [/Game/Blueprints/NewBlueprint] ([1] browsable assets)...
[2020.02.04-02.14.30:979][436]OBJ SavePackage: Finished generating thumbnails for package [/Game/Blueprints/NewBlueprint]
[2020.02.04-02.14.30:979][436]Cmd: OBJ SAVEPACKAGE PACKAGE="/Game/Blueprints/NewBlueprint" FILE="E:/Documents/Unreal Projects/TempuraRun/Saved/Autosaves/Game/Blueprints/NewBlueprint_Auto1.uasset" SILENT=false AUTOSAVING=true
[2020.02.04-02.14.31:010][436]LogSavePackage: Moving 'E:/Documents/Unreal Projects/TempuraRun/Saved/NewBlueprint_Auto109F242C6446221D5A8FB2C996B7BCC2B.tmp' to 'E:/Documents/Unreal Projects/TempuraRun/Saved/Autosaves/Game/Blueprints/NewBlueprint_Auto1.uasset'
[2020.02.04-02.14.31:012][436]LogFileHelpers: Auto-saving content packages took 0.036
[2020.02.04-02.15.57:597][764]Cmd: OBJ SAVEPACKAGE PACKAGE="/Game/Blueprints/NewBlueprint" FILE="E:/Documents/Unreal Projects/TempuraRun/Content/Blueprints/NewBlueprint.uasset" SILENT=true
[2020.02.04-02.15.57:621][764]LogSavePackage: Moving 'E:/Documents/Unreal Projects/TempuraRun/Saved/NewBlueprint407F683E40883790D78DC8B45B0833F1.tmp' to 'E:/Documents/Unreal Projects/TempuraRun/Content/Blueprints/NewBlueprint.uasset'
[2020.02.04-02.15.59:068][795]BlueprintLog: New page: NewBlueprint をコンパイル
[2020.02.04-02.15.59:071][795]LogBlueprint: Error: [Compiler NewBlueprint] Event node  イベント Tick  registers net  Delta Seconds  in a non-event graph.
[2020.02.04-02.15.59:072][795]LogBlueprint: Error: [Compiler NewBlueprint] Event node  イベント Tick  registers net  Delta Seconds  in a non-event graph.
[2020.02.04-02.15.59:248][795]LogUObjectHash: Compacting FUObjectHashTables data took   3.67ms
[2020.02.04-02.16.11:848][958]Candidate modules for hot reload:
[2020.02.04-02.16.11:849][958]  TempuraRun
[2020.02.04-02.16.11:849][958]Launching UnrealBuildTool... [C:/Program Files/Epic Games/UE_4.23/Engine/Binaries/DotNET/UnrealBuildTool.exe  -ModuleWithSuffix=TempuraRun,4409 Win64 Development -TargetType=Editor -Project="E:/Documents/Unreal Projects/TempuraRun/TempuraRun.uproject" "E:/Documents/Unreal Projects/TempuraRun/TempuraRun.uproject"  -IgnoreJunk]
[2020.02.04-02.16.11:879][958]Warning: Starting HotReload took  0.1s.
[2020.02.04-02.16.28:264][287]CompilerResultsLog: New page: コンパイル - 2020/02/04 20:16:28
[2020.02.04-02.16.28:265][287]CompilerResultsLog: Parsing headers for TempuraRunEditor
[2020.02.04-02.16.28:266][287]CompilerResultsLog:   Running UnrealHeaderTool "E:\Documents\Unreal Projects\TempuraRun\TempuraRun.uproject" "E:\Documents\Unreal Projects\TempuraRun\Intermediate\Build\Win64\TempuraRunEditor\Development\TempuraRunEditor.uhtmanifest" -LogCmds="loginit warning, logexit warning, logdatabase error" -Unattended -WarningsAsErrors -installed
[2020.02.04-02.16.28:267][287]CompilerResultsLog: Reflection code generated for TempuraRunEditor in 8.4666311 seconds
[2020.02.04-02.16.28:268][287]CompilerResultsLog: Failed to delete file 'E:\Documents\Unreal Projects\TempuraRun\Binaries\Win64\UE4Editor-TempuraRun.pdb'
[2020.02.04-02.16.28:269][287]CompilerResultsLog:     Exception: ?p?X 'E:\Documents\Unreal Projects\TempuraRun\Binaries\Win64\UE4Editor-TempuraRun.pdb' ?ւ̃A?N?Z?X?????ۂ????܂????B
[2020.02.04-02.16.28:271][287]CompilerResultsLog: Attempting to retry...
[2020.02.04-02.16.28:271][287]CompilerResultsLog: Failed to delete file 'E:\Documents\Unreal Projects\TempuraRun\Binaries\Win64\UE4Editor-TempuraRun.pdb'
[2020.02.04-02.16.28:273][287]CompilerResultsLog:     Exception: ?p?X 'E:\Documents\Unreal Projects\TempuraRun\Binaries\Win64\UE4Editor-TempuraRun.pdb' ?ւ̃A?N?Z?X?????ۂ????܂????B
[2020.02.04-02.16.28:275][287]CompilerResultsLog: Attempting to retry...
[2020.02.04-02.16.28:275][287]CompilerResultsLog: Failed to delete file 'E:\Documents\Unreal Projects\TempuraRun\Binaries\Win64\UE4Editor-TempuraRun.pdb'
[2020.02.04-02.16.28:276][287]CompilerResultsLog:     Exception: ?p?X 'E:\Documents\Unreal Projects\TempuraRun\Binaries\Win64\UE4Editor-TempuraRun.pdb' ?ւ̃A?N?Z?X?????ۂ????܂????B
[2020.02.04-02.16.28:278][287]CompilerResultsLog: ERROR: Exhausted all retries!
[2020.02.04-02.16.28:278][287]CompilerResultsLog: Using Visual Studio 2019 14.23.28105 toolchain (C:\Program Files (x86)\Microsoft Visual Studio\2019\Community\VC\Tools\MSVC\14.23.28105) and Windows 10.0.18362.0 SDK (C:\Program Files (x86)\Windows Kits\10).
[2020.02.04-02.16.28:279][287]CompilerResultsLog: Building 5 actions with 8 processes...
[2020.02.04-02.16.28:279][287]CompilerResultsLog:   [1/5] UdpReceiver.gen.cpp
[2020.02.04-02.16.28:280][287]CompilerResultsLog:   [2/5] UdpReceiver.cpp
[2020.02.04-02.16.28:280][287]CompilerResultsLog:   [3/5] UE4Editor-TempuraRun-4409.lib
[2020.02.04-02.16.28:281][287]CompilerResultsLog:      ???C?u???? E:\Documents\Unreal Projects\TempuraRun\Intermediate\Build\Win64\UE4Editor\Development\TempuraRun\UE4Editor-TempuraRun-4409.lib ?ƃI?u?W?F?N?g E:\Documents\Unreal Projects\TempuraRun\Intermediate\Build\Win64\UE4Editor\Development\TempuraRun\UE4Editor-TempuraRun-4409.exp ???쐬??
[2020.02.04-02.16.28:282][287]CompilerResultsLog:   [4/5] UE4Editor-TempuraRun-4409.dll
[2020.02.04-02.16.28:283][287]CompilerResultsLog:      ???C?u???? E:\Documents\Unreal Projects\TempuraRun\Intermediate\Build\Win64\UE4Editor\Development\TempuraRun\UE4Editor-TempuraRun-4409.suppressed.lib ?ƃI?u?W?F?N?g E:\Documents\Unreal Projects\TempuraRun\Intermediate\Build\Win64\UE4Editor\Development\TempuraRun\UE4Editor-TempuraRun-4409.suppressed.exp ???쐬??
[2020.02.04-02.16.28:284][287]CompilerResultsLog:   [5/5] TempuraRunEditor.target
[2020.02.04-02.16.28:284][287]CompilerResultsLog: Total time in Parallel executor: 4.13 seconds
[2020.02.04-02.16.28:285][287]CompilerResultsLog: Total execution time: 16.05 seconds
[2020.02.04-02.16.28:285][287]LogMainFrame: MainFrame: Module compiling took 16.442 seconds
[2020.02.04-02.16.28:324][287]LogUObjectHash: Compacting FUObjectHashTables data took   3.49ms
[2020.02.04-02.16.28:381][287]LogContentBrowser: Native class hierarchy updated for 'TempuraRun' in 0.0004 seconds. Added 2 classes and 2 folders.
[2020.02.04-02.16.28:385][287]Display: HotReload successful (5 functions remapped  0 scriptstructs remapped)
[2020.02.04-02.16.28:473][287]LogUObjectHash: Compacting FUObjectHashTables data took   1.84ms
[2020.02.04-02.16.28:491][287]LogContentBrowser: Native class hierarchy populated in 0.0086 seconds. Added 2866 classes and 684 folders.
[2020.02.04-02.16.28:492][287]Display: HotReload took 16.7s.
[2020.02.04-02.18.11:722][274]LogUObjectHash: Compacting FUObjectHashTables data took   4.68ms
[2020.02.04-02.18.17:808][274]LogSlate: Window 'コンテンツを保存' being destroyed
[2020.02.04-02.18.17:870][274]LogUObjectHash: Compacting FUObjectHashTables data took   3.83ms
[2020.02.04-02.18.18:074][274]LogSavePackage: Moving 'E:/Documents/Unreal Projects/TempuraRun/Saved/ThirdPersonExampleMapAFFCBE4D44C62525A373C383A8832795.tmp' to 'E:/Documents/Unreal Projects/TempuraRun/Content/ThirdPersonBP/Maps/ThirdPersonExampleMap.umap'
[2020.02.04-02.18.18:099][274]LogFileHelpers: Saving map 'ThirdPersonExampleMap' took 0.272
[2020.02.04-02.18.28:668][491]LogSlate: Window 'アセットレポート' being destroyed
[2020.02.04-02.18.58:106][491]LogSlate: Window 'メッセージ' being destroyed
[2020.02.04-02.18.58:111][491]LogAssetTools: Warning: Failed to copy E:/Documents/Unreal Projects/TempuraRun/Content/Blueprints/NewBlueprint.uasset to E:/Documents/Unreal Projects/TempuraRun/Content/Blueprints/NewBlueprint.uasset while migrating assets
[2020.02.04-02.18.58:114][491]AssetTools: New page: コピーエラー
[2020.02.04-02.18.58:115][491]AssetTools: Error: E:/Documents/Unreal Projects/TempuraRun/Content/Blueprints/NewBlueprint.uasset

[2020.02.04-02.19.44:893][277]LogUObjectHash: Compacting FUObjectHashTables data took   3.99ms
[2020.02.04-02.19.47:028][320]LogSlate: Window 'アセットレポート' being destroyed
[2020.02.04-02.20.33:824][320]LogSlate: Window 'メッセージ' being destroyed
[2020.02.04-02.20.39:755][320]AssetTools: New page: コンテンツのコピーが完了しました！
[2020.02.04-02.20.39:755][320]AssetTools: /Game/Blueprints/NewBlueprint
[2020.02.04-02.20.49:803][573]LogSlate: Window 'NewBlueprint' being destroyed
[2020.02.04-02.20.49:819][573]LogSlate: Window 'NewBlueprint' being destroyed
[2020.02.04-02.20.49:831][573]LogWorld: UWorld::CleanupWorld for World_0, bSessionEnded=true, bCleanupResources=true
